2023-02-01 09:39:34,739 [INFO] Activator:179 - 


2023-02-01 09:39:34,739 [INFO] Activator:180 - !SESSION log4j initialized
2023-02-01 09:39:40,806 [ERROR] ConfigurationRetriever:140 - IOException on connection: citools.st.com
2023-02-01 09:39:40,808 [ERROR] ConfigurationRetriever:140 - IOException on connection: citools.st.com
2023-02-01 09:39:40,809 [ERROR] ConfigurationRetriever:140 - IOException on connection: citools.st.com
2023-02-01 09:40:02,774 [ERROR] LogOutputStream:74 - [STDERR_REDIRECT] SLF4J: Failed to load class "org.slf4j.impl.StaticLoggerBinder".
2023-02-01 09:40:02,774 [ERROR] LogOutputStream:74 - [STDERR_REDIRECT] SLF4J: Defaulting to no-operation (NOP) logger implementation
2023-02-01 09:40:02,777 [ERROR] LogOutputStream:74 - [STDERR_REDIRECT] SLF4J: See http://www.slf4j.org/codes.html#StaticLoggerBinder for further details.
2023-02-02 09:53:20,418 [INFO] Activator:179 - 


2023-02-02 09:53:20,419 [INFO] Activator:180 - !SESSION log4j initialized
2023-02-02 09:53:25,867 [ERROR] ConfigurationRetriever:140 - IOException on connection: citools.st.com
2023-02-02 09:53:25,868 [ERROR] ConfigurationRetriever:140 - IOException on connection: citools.st.com
2023-02-02 09:53:25,868 [ERROR] ConfigurationRetriever:140 - IOException on connection: citools.st.com
2023-02-02 09:53:47,161 [ERROR] LogOutputStream:74 - [STDERR_REDIRECT] SLF4J: Failed to load class "org.slf4j.impl.StaticLoggerBinder".
2023-02-02 09:53:47,161 [ERROR] LogOutputStream:74 - [STDERR_REDIRECT] SLF4J: Defaulting to no-operation (NOP) logger implementation
2023-02-02 09:53:47,164 [ERROR] LogOutputStream:74 - [STDERR_REDIRECT] SLF4J: See http://www.slf4j.org/codes.html#StaticLoggerBinder for further details.
2023-02-02 09:56:25,610 [ERROR] ConfigurationRetriever:140 - IOException on connection: citools.st.com
2023-02-02 09:56:25,611 [ERROR] ConfigurationRetriever:140 - IOException on connection: citools.st.com
2023-02-02 09:56:25,611 [ERROR] ConfigurationRetriever:140 - IOException on connection: citools.st.com
2023-02-02 09:57:56,641 [INFO] McuFinderGlobals:52 - Set McuFinder mode to 2 (CubeIDE integrated)
2023-02-02 09:57:56,935 [INFO] ApplicationProperties:181 - Using Application install path: C:\ST\STM32CubeIDE_1.9.0\STM32CubeIDE\plugins\com.st.stm32cube.common.mx_6.7.0.202301130839
2023-02-02 09:57:56,961 [INFO] DbMcusXml:77 - Set database path to: C:\ST\STM32CubeIDE_1.9.0\STM32CubeIDE\plugins\com.st.stm32cube.common.mx_6.7.0.202301130839\\db\/mcu/
2023-02-02 09:57:56,961 [INFO] ApiDb:273 - Set plugin database path to: C:\ST\STM32CubeIDE_1.9.0\STM32CubeIDE\plugins\com.st.stm32cube.common.mx_6.7.0.202301130839\\db\/plugins/boardmanager/
2023-02-02 09:57:56,964 [WARN] ApiDb:258 - Overriding images path with different value:  => C:\ST\STM32CubeIDE_1.9.0\STM32CubeIDE\plugins\com.st.stm32cube.common.mx_6.7.0.202301130839\\db\/plugins/mcufinder/images/
2023-02-02 09:57:56,990 [INFO] ApiDb:249 - Set database path to: C:\Users\alves\.stmcufinder\plugins\mcufinder//mcu/
2023-02-02 09:57:56,991 [INFO] DbMcusAds:124 - Set database path to: C:\Users\alves\.stmcufinder\plugins\mcufinder//mcu/
2023-02-02 09:57:56,996 [INFO] CrossReferenceDbSqlite:202 - Set database path to: C:\Users\alves\.stmcufinder\plugins\mcufinder//mcu/cs/
2023-02-02 09:57:57,142 [INFO] RulesReader:61 - Compatibility file has been processed (283 Rules)
2023-02-02 09:57:57,286 [INFO] DbMcusXml:77 - Set database path to: C:\ST\STM32CubeIDE_1.9.0\STM32CubeIDE\plugins\com.st.stm32cube.common.mx_6.7.0.202301130839\\db\/mcu/
2023-02-02 09:57:57,286 [INFO] ApiDb:273 - Set plugin database path to: C:\ST\STM32CubeIDE_1.9.0\STM32CubeIDE\plugins\com.st.stm32cube.common.mx_6.7.0.202301130839\\db\/plugins/boardmanager/
2023-02-02 09:57:57,286 [INFO] ApiDb:260 - Set plugin images path to: C:\ST\STM32CubeIDE_1.9.0\STM32CubeIDE\plugins\com.st.stm32cube.common.mx_6.7.0.202301130839\\db\/plugins/mcufinder/images/
2023-02-02 09:57:57,286 [WARN] DbFile:40 - Overriding database path with different value: C:\Users\alves\.stmcufinder\plugins\mcufinder/ => C:\Users\alves\.stmcufinder\plugins\mcufinder
2023-02-02 09:57:57,287 [INFO] ApiDb:249 - Set database path to: C:\Users\alves\.stmcufinder\plugins\mcufinder//mcu/
2023-02-02 09:57:57,287 [WARN] DbFile:40 - Overriding database path with different value: C:\Users\alves\.stmcufinder\plugins\mcufinder/ => C:\Users\alves\.stmcufinder\plugins\mcufinder
2023-02-02 09:57:57,287 [INFO] DbMcusAds:124 - Set database path to: C:\Users\alves\.stmcufinder\plugins\mcufinder//mcu/
2023-02-02 09:57:57,287 [WARN] DbFile:40 - Overriding database path with different value: C:\Users\alves\.stmcufinder\plugins\mcufinder/ => C:\Users\alves\.stmcufinder\plugins\mcufinder
2023-02-02 09:57:57,287 [WARN] DbFile:40 - Overriding database path with different value: C:\Users\alves\.stmcufinder\plugins\mcufinder/ => C:\Users\alves\.stmcufinder\plugins\mcufinder
2023-02-02 09:57:57,287 [INFO] CrossReferenceDbSqlite:202 - Set database path to: C:\Users\alves\.stmcufinder\plugins\mcufinder//mcu/cs/
2023-02-02 09:57:57,412 [INFO] MainPanel:252 - HeapMemory: 466616320
2023-02-02 09:57:57,545 [INFO] DbMcusXml:77 - Set database path to: C:\ST\STM32CubeIDE_1.9.0\STM32CubeIDE\plugins\com.st.stm32cube.common.mx_6.7.0.202301130839\\db\/mcu/
2023-02-02 09:57:57,548 [INFO] ApiDb:273 - Set plugin database path to: C:\ST\STM32CubeIDE_1.9.0\STM32CubeIDE\plugins\com.st.stm32cube.common.mx_6.7.0.202301130839\\db\/plugins/boardmanager/
2023-02-02 09:57:57,548 [INFO] ApiDb:260 - Set plugin images path to: C:\ST\STM32CubeIDE_1.9.0\STM32CubeIDE\plugins\com.st.stm32cube.common.mx_6.7.0.202301130839\\db\/plugins/mcufinder/images/
2023-02-02 09:57:57,548 [WARN] DbFile:40 - Overriding database path with different value: C:\Users\alves\.stmcufinder\plugins\mcufinder/ => C:\Users\alves\.stmcufinder\plugins\mcufinder
2023-02-02 09:57:57,548 [INFO] ApiDb:249 - Set database path to: C:\Users\alves\.stmcufinder\plugins\mcufinder//mcu/
2023-02-02 09:57:57,548 [WARN] DbFile:40 - Overriding database path with different value: C:\Users\alves\.stmcufinder\plugins\mcufinder/ => C:\Users\alves\.stmcufinder\plugins\mcufinder
2023-02-02 09:57:57,548 [INFO] DbMcusAds:124 - Set database path to: C:\Users\alves\.stmcufinder\plugins\mcufinder//mcu/
2023-02-02 09:57:57,548 [WARN] DbFile:40 - Overriding database path with different value: C:\Users\alves\.stmcufinder\plugins\mcufinder/ => C:\Users\alves\.stmcufinder\plugins\mcufinder
2023-02-02 09:57:57,548 [WARN] DbFile:40 - Overriding database path with different value: C:\Users\alves\.stmcufinder\plugins\mcufinder/ => C:\Users\alves\.stmcufinder\plugins\mcufinder
2023-02-02 09:57:57,548 [INFO] CrossReferenceDbSqlite:202 - Set database path to: C:\Users\alves\.stmcufinder\plugins\mcufinder//mcu/cs/
2023-02-02 09:57:57,576 [INFO] ApplicationProperties:181 - Using Application install path: C:\ST\STM32CubeIDE_1.9.0\STM32CubeIDE\plugins\com.st.stm32cube.common.mx_6.7.0.202301130839
2023-02-02 09:57:57,576 [INFO] PluginManage:193 - Search for loadable plugins [exclusion list=, ]
2023-02-02 09:57:57,581 [INFO] PluginManage:307 - Check plugin analytics
2023-02-02 09:57:57,796 [INFO] AnalyticsPlugin:262 - Accepted Software Licenses: 
2023-02-02 09:57:57,796 [INFO] AnalyticsPlugin:264 - Accepted CMSIS Pack Licenses: 
2023-02-02 09:57:57,796 [INFO] AnalyticsPlugin:266 - Accepted Firmware Licenses: 
2023-02-02 09:57:57,810 [INFO] PluginManage:356 - Loaded plugin analytics (category:tool,tabindex:-1)
2023-02-02 09:57:57,811 [INFO] PluginManage:307 - Check plugin cadmodel
2023-02-02 09:57:57,876 [INFO] CADModel:104 - Init CAD model plugin
2023-02-02 09:57:57,876 [INFO] PluginManage:356 - Loaded plugin cadmodel (category:power,tabindex:5)
2023-02-02 09:57:57,880 [INFO] PluginManage:307 - Check plugin clock
2023-02-02 09:57:57,930 [INFO] PluginManage:356 - Loaded plugin clock (category:base,tabindex:2)
2023-02-02 09:57:57,930 [INFO] PluginManage:307 - Check plugin ddr
2023-02-02 09:57:57,932 [INFO] PluginManage:356 - Loaded plugin ddr (category:tool,tabindex:6)
2023-02-02 09:57:57,932 [INFO] PluginManage:307 - Check plugin filemanager
2023-02-02 09:57:58,151 [INFO] PluginManage:356 - Loaded plugin filemanager (category:base,tabindex:10)
2023-02-02 09:57:58,151 [INFO] PluginManage:307 - Check plugin ipmanager
2023-02-02 09:57:58,166 [INFO] PluginManage:356 - Loaded plugin ipmanager (category:base,tabindex:5)
2023-02-02 09:57:58,166 [INFO] PluginManage:307 - Check plugin lpbam
2023-02-02 09:57:58,211 [INFO] PluginManage:356 - Loaded plugin lpbam (category:base,tabindex:0)
2023-02-02 09:57:58,211 [INFO] PluginManage:307 - Check plugin pinoutandconfiguration
2023-02-02 09:57:58,265 [INFO] PluginManage:356 - Loaded plugin pinoutandconfiguration (category:base,tabindex:1)
2023-02-02 09:57:58,265 [INFO] PluginManage:307 - Check plugin pinoutconfig
2023-02-02 09:57:58,342 [INFO] PluginManage:356 - Loaded plugin pinoutconfig (category:base,tabindex:0)
2023-02-02 09:57:58,342 [INFO] PluginManage:307 - Check plugin power
2023-02-02 09:57:58,386 [INFO] PluginManage:356 - Loaded plugin power (category:power,tabindex:4)
2023-02-02 09:57:58,386 [INFO] PluginManage:307 - Check plugin projectmanager
2023-02-02 09:57:58,406 [INFO] PluginManage:356 - Loaded plugin projectmanager (category:projectmanager,tabindex:3)
2023-02-02 09:57:58,406 [INFO] PluginManage:307 - Check plugin thirdparty
2023-02-02 09:57:58,601 [WARN] IntegrityCheckThread:82 - waiting for thirdparty lock release [integrity check]
2023-02-02 09:57:58,601 [INFO] PluginManage:356 - Loaded plugin thirdparty (category:base,tabindex:-1)
2023-02-02 09:57:58,601 [INFO] IntegrityCheckThread:84 - entering critical section [integrity check]
2023-02-02 09:57:58,601 [INFO] PluginManage:307 - Check plugin tools
2023-02-02 09:57:58,604 [INFO] ThirdPartyUpdaterWithRetryManager:70 - Updater plugin not ready yet. [1/15]
2023-02-02 09:57:58,608 [INFO] PluginManage:356 - Loaded plugin tools (category:base,tabindex:7)
2023-02-02 09:57:58,608 [INFO] PluginManage:307 - Check plugin tutovideos
2023-02-02 09:57:58,893 [INFO] PluginManage:356 - Loaded plugin tutovideos (category:base,tabindex:-1)
2023-02-02 09:57:58,893 [INFO] PluginManage:307 - Check plugin updater
2023-02-02 09:57:58,921 [INFO] PluginManage:356 - Loaded plugin updater (category:base,tabindex:12)
2023-02-02 09:57:58,921 [INFO] PluginManage:280 - PluginManage : Loaded plugins [15]
2023-02-02 09:57:59,377 [INFO] PinOutPanel:1477 - setPackage(No Configuration,No Configuration)
2023-02-02 09:57:59,520 [INFO] CADModel:164 - CPN selected for project level
2023-02-02 09:57:59,520 [INFO] CADModel:113 - Register for checkConnection events
2023-02-02 09:57:59,556 [INFO] IPUIPlugin:79 - create IPUIPlugin
2023-02-02 09:57:59,556 [INFO] PluginManager:219 - loadIPPluginJar : add adc
2023-02-02 09:57:59,564 [INFO] IPUIPlugin:79 - create IPUIPlugin
2023-02-02 09:57:59,564 [INFO] PluginManager:219 - loadIPPluginJar : add aes
2023-02-02 09:57:59,572 [INFO] IPUIPlugin:79 - create IPUIPlugin
2023-02-02 09:57:59,572 [INFO] PluginManager:219 - loadIPPluginJar : add can
2023-02-02 09:57:59,581 [INFO] IPUIPlugin:79 - create IPUIPlugin
2023-02-02 09:57:59,581 [INFO] PluginManager:219 - loadIPPluginJar : add comp
2023-02-02 09:57:59,587 [INFO] IPUIPlugin:79 - create IPUIPlugin
2023-02-02 09:57:59,587 [INFO] PluginManager:219 - loadIPPluginJar : add cryp
2023-02-02 09:57:59,592 [INFO] IPUIPlugin:79 - create IPUIPlugin
2023-02-02 09:57:59,592 [INFO] PluginManager:219 - loadIPPluginJar : add dfsdm
2023-02-02 09:57:59,608 [INFO] IPUIPlugin:79 - create IPUIPlugin
2023-02-02 09:57:59,611 [INFO] PluginManager:219 - loadIPPluginJar : add dma
2023-02-02 09:57:59,616 [INFO] IPUIPlugin:79 - create IPUIPlugin
2023-02-02 09:57:59,616 [INFO] PluginManager:219 - loadIPPluginJar : add dma3
2023-02-02 09:57:59,622 [INFO] IPUIPlugin:79 - create IPUIPlugin
2023-02-02 09:57:59,622 [INFO] PluginManager:219 - loadIPPluginJar : add fatfs
2023-02-02 09:57:59,632 [INFO] IPUIPlugin:79 - create IPUIPlugin
2023-02-02 09:57:59,632 [INFO] PluginManager:219 - loadIPPluginJar : add fmc
2023-02-02 09:57:59,672 [INFO] IPUIPlugin:79 - create IPUIPlugin
2023-02-02 09:57:59,676 [INFO] PluginManager:219 - loadIPPluginJar : add freertos
2023-02-02 09:57:59,680 [INFO] IPUIPlugin:79 - create IPUIPlugin
2023-02-02 09:57:59,681 [INFO] PluginManager:219 - loadIPPluginJar : add genericplugin
2023-02-02 09:57:59,691 [INFO] IPUIPlugin:79 - create IPUIPlugin
2023-02-02 09:57:59,691 [INFO] PluginManager:219 - loadIPPluginJar : add gfxmmu
2023-02-02 09:57:59,705 [INFO] IPUIPlugin:79 - create IPUIPlugin
2023-02-02 09:57:59,705 [INFO] PluginManager:219 - loadIPPluginJar : add gic
2023-02-02 09:57:59,729 [INFO] IPUIPlugin:79 - create IPUIPlugin
2023-02-02 09:57:59,729 [INFO] PluginManager:219 - loadIPPluginJar : add gpio
2023-02-02 09:57:59,737 [INFO] IPUIPlugin:79 - create IPUIPlugin
2023-02-02 09:57:59,740 [INFO] PluginManager:219 - loadIPPluginJar : add gtzc
2023-02-02 09:57:59,745 [INFO] IPUIPlugin:79 - create IPUIPlugin
2023-02-02 09:57:59,745 [INFO] PluginManager:219 - loadIPPluginJar : add hash
2023-02-02 09:57:59,754 [INFO] IPUIPlugin:79 - create IPUIPlugin
2023-02-02 09:57:59,754 [INFO] PluginManager:219 - loadIPPluginJar : add i2c
2023-02-02 09:57:59,761 [INFO] IPUIPlugin:79 - create IPUIPlugin
2023-02-02 09:57:59,762 [INFO] PluginManager:219 - loadIPPluginJar : add i2s
2023-02-02 09:57:59,772 [INFO] IPUIPlugin:79 - create IPUIPlugin
2023-02-02 09:57:59,772 [INFO] PluginManager:219 - loadIPPluginJar : add ipddr
2023-02-02 09:57:59,787 [INFO] IPUIPlugin:79 - create IPUIPlugin
2023-02-02 09:57:59,787 [INFO] PluginManager:219 - loadIPPluginJar : add linkedlist
2023-02-02 09:57:59,795 [INFO] IPUIPlugin:79 - create IPUIPlugin
2023-02-02 09:57:59,795 [INFO] PluginManager:219 - loadIPPluginJar : add lorawan
2023-02-02 09:57:59,801 [INFO] IPUIPlugin:79 - create IPUIPlugin
2023-02-02 09:57:59,801 [INFO] PluginManager:219 - loadIPPluginJar : add ltdc
2023-02-02 09:57:59,821 [INFO] IPUIPlugin:79 - create IPUIPlugin
2023-02-02 09:57:59,823 [INFO] PluginManager:219 - loadIPPluginJar : add mdma
2023-02-02 09:57:59,841 [INFO] IPUIPlugin:79 - create IPUIPlugin
2023-02-02 09:57:59,841 [INFO] PluginManager:219 - loadIPPluginJar : add nvic
2023-02-02 09:57:59,847 [INFO] IPUIPlugin:79 - create IPUIPlugin
2023-02-02 09:57:59,847 [INFO] PluginManager:219 - loadIPPluginJar : add opamp
2023-02-02 09:57:59,859 [INFO] IPUIPlugin:79 - create IPUIPlugin
2023-02-02 09:57:59,859 [INFO] PluginManager:219 - loadIPPluginJar : add openamp
2023-02-02 09:57:59,867 [INFO] IPUIPlugin:79 - create IPUIPlugin
2023-02-02 09:57:59,867 [INFO] PluginManager:219 - loadIPPluginJar : add pdm2pcm
2023-02-02 09:57:59,896 [INFO] IPUIPlugin:79 - create IPUIPlugin
2023-02-02 09:57:59,900 [INFO] PluginManager:219 - loadIPPluginJar : add plateformsettings
2023-02-02 09:57:59,904 [INFO] IPUIPlugin:79 - create IPUIPlugin
2023-02-02 09:57:59,904 [INFO] PluginManager:219 - loadIPPluginJar : add quadspi
2023-02-02 09:57:59,957 [INFO] IPUIPlugin:79 - create IPUIPlugin
2023-02-02 09:57:59,957 [INFO] PluginManager:219 - loadIPPluginJar : add resmgrutility
2023-02-02 09:57:59,964 [INFO] IPUIPlugin:79 - create IPUIPlugin
2023-02-02 09:57:59,964 [INFO] PluginManager:219 - loadIPPluginJar : add sai
2023-02-02 09:57:59,972 [INFO] IPUIPlugin:79 - create IPUIPlugin
2023-02-02 09:57:59,972 [INFO] PluginManager:219 - loadIPPluginJar : add spi
2023-02-02 09:57:59,984 [INFO] IPUIPlugin:79 - create IPUIPlugin
2023-02-02 09:57:59,984 [INFO] PluginManager:219 - loadIPPluginJar : add stm32_wpan
2023-02-02 09:57:59,991 [INFO] IPUIPlugin:79 - create IPUIPlugin
2023-02-02 09:57:59,991 [INFO] PluginManager:219 - loadIPPluginJar : add tim
2023-02-02 09:58:00,000 [INFO] IPUIPlugin:79 - create IPUIPlugin
2023-02-02 09:58:00,000 [INFO] PluginManager:219 - loadIPPluginJar : add touchsensing
2023-02-02 09:58:00,005 [INFO] IPUIPlugin:79 - create IPUIPlugin
2023-02-02 09:58:00,005 [INFO] PluginManager:219 - loadIPPluginJar : add tracer_emb
2023-02-02 09:58:00,018 [INFO] IPUIPlugin:79 - create IPUIPlugin
2023-02-02 09:58:00,018 [INFO] PluginManager:219 - loadIPPluginJar : add ts
2023-02-02 09:58:00,026 [INFO] IPUIPlugin:79 - create IPUIPlugin
2023-02-02 09:58:00,026 [INFO] PluginManager:219 - loadIPPluginJar : add tsc
2023-02-02 09:58:00,038 [INFO] IPUIPlugin:79 - create IPUIPlugin
2023-02-02 09:58:00,040 [INFO] PluginManager:219 - loadIPPluginJar : add ucpd
2023-02-02 09:58:00,046 [INFO] IPUIPlugin:79 - create IPUIPlugin
2023-02-02 09:58:00,046 [INFO] PluginManager:219 - loadIPPluginJar : add usart
2023-02-02 09:58:00,062 [INFO] IPUIPlugin:79 - create IPUIPlugin
2023-02-02 09:58:00,062 [INFO] PluginManager:219 - loadIPPluginJar : add usbx
2023-02-02 09:58:00,264 [INFO] CADModel:164 - CPN selected for project level
2023-02-02 09:58:00,266 [INFO] CADModel:113 - Register for checkConnection events
2023-02-02 09:58:00,266 [FATAL] Updater:308 - Updater called before beeing initialized
2023-02-02 09:58:00,266 [ERROR] CADModel:124 - Updater not yet initialized, retry later 
2023-02-02 09:58:00,488 [INFO] CADModel:164 - CPN selected for project level
2023-02-02 09:58:00,488 [INFO] CADModel:113 - Register for checkConnection events
2023-02-02 09:58:00,488 [FATAL] Updater:308 - Updater called before beeing initialized
2023-02-02 09:58:00,488 [ERROR] CADModel:124 - Updater not yet initialized, retry later 
2023-02-02 09:58:00,492 [FATAL] Updater:308 - Updater called before beeing initialized
2023-02-02 09:58:00,685 [FATAL] Updater:308 - Updater called before beeing initialized
2023-02-02 09:58:00,693 [INFO] DbMcusAds:52 - JSON generation date=Wed Jan 18 11:17:18 BRT 2023 (1674051438939)
2023-02-02 09:58:00,693 [FATAL] Updater:308 - Updater called before beeing initialized
2023-02-02 09:58:00,761 [WARN] DetailPanel:344 - Failed to get advertising image, set to default
2023-02-02 09:58:00,928 [FATAL] Updater:308 - Updater called before beeing initialized
2023-02-02 09:58:00,932 [FATAL] Updater:308 - Updater called before beeing initialized
2023-02-02 09:58:00,932 [FATAL] Updater:308 - Updater called before beeing initialized
2023-02-02 09:58:00,932 [WARN] DetailPanel:344 - Failed to get advertising image, set to default
2023-02-02 09:58:00,932 [FATAL] Updater:308 - Updater called before beeing initialized
2023-02-02 09:58:01,005 [ERROR] Updater:1120 - MainUpdater not yet initialized. External WinMGr cannot be set.
2023-02-02 09:58:01,011 [INFO] Updater:1056 - Updater Version found : 6.7.0
2023-02-02 09:58:01,031 [INFO] ApplicationProperties:181 - Using Application install path: C:\ST\STM32CubeIDE_1.9.0\STM32CubeIDE\plugins\com.st.stm32cube.common.mx_6.7.0.202301130839
2023-02-02 09:58:01,249 [INFO] MainUpdater:2800 - connection check result : 10
2023-02-02 09:58:01,250 [INFO] MainUpdater:282 - Updater Check For Update Now.
2023-02-02 09:58:01,250 [INFO] MicroXplorer:481 - Change Database Version : DB.6.0.70
2023-02-02 09:58:01,484 [INFO] CheckServerUpdateThread:119 - End of CheckServer Thread
2023-02-02 09:58:01,886 [INFO] MainUpdater:2800 - connection check result : 10
2023-02-02 09:58:01,891 [WARN] PackLoader:242 - Cannot read IP mode file for STMicroelectronics.X-CUBE-GNSS1.6.0.0
2023-02-02 09:58:01,950 [WARN] PackLoader:242 - Cannot read IP mode file for STMicroelectronics.X-CUBE-AZRTOS-F4.1.1.0
2023-02-02 09:58:02,000 [WARN] PackLoader:242 - Cannot read IP mode file for STMicroelectronics.X-CUBE-BLEMGR.1.2.0
2023-02-02 09:58:02,071 [WARN] PackLoader:242 - Cannot read IP mode file for STMicroelectronics.X-CUBE-AZRTOS-F7.1.1.0
2023-02-02 09:58:02,103 [WARN] PackLoader:242 - Cannot read IP mode file for STMicroelectronics.X-CUBE-BLE1.6.2.3
2023-02-02 09:58:02,121 [WARN] PackLoader:242 - Cannot read IP mode file for STMicroelectronics.X-CUBE-BLE1.6.2.4
2023-02-02 09:58:02,138 [WARN] PackLoader:242 - Cannot read IP mode file for STMicroelectronics.X-CUBE-NFC4.2.0.5
2023-02-02 09:58:02,154 [WARN] PackLoader:242 - Cannot read IP mode file for STMicroelectronics.X-CUBE-NFC4.2.0.4
2023-02-02 09:58:02,235 [WARN] PackLoader:242 - Cannot read IP mode file for STMicroelectronics.X-CUBE-TOF1.3.1.0
2023-02-02 09:58:02,303 [WARN] PackLoader:242 - Cannot read IP mode file for STMicroelectronics.X-CUBE-DISPLAY.3.0.0
2023-02-02 09:58:02,338 [WARN] PackLoader:242 - Cannot read IP mode file for wolfSSL.I-CUBE-wolfSSL.5.5.0
2023-02-02 09:58:02,362 [WARN] PackLoader:242 - Cannot read IP mode file for STMicroelectronics.X-CUBE-NFC7.1.0.0
2023-02-02 09:58:02,503 [WARN] PackLoader:242 - Cannot read IP mode file for STMicroelectronics.X-CUBE-MEMS1.9.3.0
2023-02-02 09:58:02,814 [WARN] PackLoader:242 - Cannot read IP mode file for STMicroelectronics.X-CUBE-EEPRMA1.4.1.0
2023-02-02 09:58:02,823 [INFO] ApiDb:580 - Connected to CubeFinder SQLite database (C:\Users\alves\.stmcufinder\plugins\mcufinder\mcu\cube-finder-db.db)
2023-02-02 09:58:02,831 [WARN] PackLoader:242 - Cannot read IP mode file for STMicroelectronics.X-CUBE-AI.7.2.0
2023-02-02 09:58:02,858 [WARN] PackLoader:242 - Cannot read IP mode file for STMicroelectronics.X-CUBE-SFXS2LP1.4.0.0
2023-02-02 09:58:02,871 [WARN] PackLoader:242 - Cannot read IP mode file for STMicroelectronics.X-CUBE-BLE2.3.3.0
2023-02-02 09:58:02,886 [WARN] PackLoader:242 - Cannot read IP mode file for STMicroelectronics.X-CUBE-DISPLAY.2.2.0
2023-02-02 09:58:02,914 [WARN] PackLoader:242 - Cannot read IP mode file for STMicroelectronics.X-CUBE-TOF1.3.2.0
2023-02-02 09:58:02,998 [WARN] PackLoader:242 - Cannot read IP mode file for STMicroelectronics.X-CUBE-AZRTOS-H7.3.0.0
2023-02-02 09:58:03,018 [WARN] PackLoader:242 - Cannot read IP mode file for STMicroelectronics.X-CUBE-ISPU.1.0.0
2023-02-02 09:58:03,026 [WARN] PackLoader:242 - Cannot read IP mode file for STMicroelectronics.X-CUBE-ISPU.1.1.0
2023-02-02 09:58:03,041 [INFO] ApiDb:667 - CubeFinder database Data Model version=2.1
2023-02-02 09:58:03,042 [INFO] ApiDb:668 - CubeFinder database Configuration version=3.0.35
2023-02-02 09:58:03,042 [INFO] ApiDb:669 - CubeFinder database generation date=2023-01-18 (1674054071)
2023-02-02 09:58:03,042 [INFO] ApiDb:670 - CubeFinder database FW Pack versions=[FP-ATR-ASTRA1_V1.1.1, STM32Cube_FW_C0_V1.0.1, STM32Cube_FW_F4_V1.27.1, STM32Cube_FW_F7_V1.17.0, STM32Cube_FW_G0_V1.6.1, STM32Cube_FW_G4_V1.5.0, STM32Cube_FW_H5_V0.5.1, STM32Cube_FW_H7_V1.11.0, STM32Cube_FW_L5_V1.5.0, STM32Cube_FW_U5_V1.1.1, STM32Cube_FW_WBA_V0.2.0, STM32Cube_FW_WB_V1.15.0, STM32Cube_FW_WB_V1.15.0RC1, STM32Cube_FW_WL_V1.3.0, X-CUBE-ALGOBUILD_V1.3.0, X-CUBE-ALS_V1.0.1, X-CUBE-AZRTOS-F4_V1.1.0, X-CUBE-AZRTOS-F7_V1.1.0, X-CUBE-AZRTOS-G0_V1.1.0, X-CUBE-AZRTOS-G4_V1.0.0, X-CUBE-AZRTOS-H7_V2.1.0, X-CUBE-AZRTOS-L4_V1.0.0, X-CUBE-AZRTOS-L5_V1.0.0, X-CUBE-AZRTOS-WL_V1.0.0, X-CUBE-BLE1_V6.2.4, X-CUBE-BLE2_V3.3.0, X-CUBE-BLEMGR_V1.3.0, X-CUBE-EEPRMA1_V4.1.0, X-CUBE-GNSS1_V6.0.0, X-CUBE-MEMS1_V9.1.0, X-CUBE-MEMS1_V9.3.0, X-CUBE-MEMS1_V9.4.0, X-CUBE-NFC4_V3.0.0, X-CUBE-NFC7_V1.0.0, X-CUBE-SFXS2LP1_V4.0.0, X-CUBE-SUBG2_V5.0.0]
2023-02-02 09:58:03,050 [WARN] PackLoader:242 - Cannot read IP mode file for RoweBots.I-CUBE-UNISONRTOS.5.5.0-4
2023-02-02 09:58:03,094 [WARN] PackLoader:242 - Cannot read IP mode file for STMicroelectronics.X-CUBE-AZRTOS-H7.2.1.0
2023-02-02 09:58:03,114 [WARN] PackLoader:242 - Cannot read IP mode file for STMicroelectronics.X-CUBE-TOUCHGFX.4.21.1
2023-02-02 09:58:03,121 [WARN] PackLoader:242 - Cannot read IP mode file for STMicroelectronics.X-CUBE-TOUCHGFX.4.21.0
2023-02-02 09:58:03,131 [WARN] PackLoader:242 - Cannot read IP mode file for STMicroelectronics.X-CUBE-BLEMGR.1.0.0
2023-02-02 09:58:03,206 [WARN] PackLoader:242 - Cannot read IP mode file for STMicroelectronics.X-CUBE-MEMS1.9.4.0
2023-02-02 09:58:03,423 [WARN] PackLoader:242 - Cannot read IP mode file for STMicroelectronics.X-CUBE-AI.7.3.0
2023-02-02 09:58:03,435 [WARN] PackLoader:242 - Cannot read IP mode file for STMicroelectronics.X-CUBE-ALGOBUILD.1.3.0
2023-02-02 09:58:03,461 [WARN] PackLoader:242 - Cannot read IP mode file for STMicroelectronics.X-CUBE-AZRTOS-L5.1.1.0
2023-02-02 09:58:03,503 [WARN] PackLoader:242 - Cannot read IP mode file for STMicroelectronics.X-CUBE-AZRTOS-G0.1.1.0
2023-02-02 09:58:03,531 [WARN] PackLoader:242 - Cannot read IP mode file for STMicroelectronics.X-CUBE-SUBG2.5.0.0
2023-02-02 09:58:03,551 [WARN] PackLoader:242 - Cannot read IP mode file for STMicroelectronics.X-CUBE-NFC4.3.0.0
2023-02-02 09:58:03,632 [WARN] PackLoader:242 - Cannot read IP mode file for SEGGER.I-CUBE-embOS.1.2.0
2023-02-02 09:58:03,762 [WARN] PackLoader:242 - Cannot read IP mode file for STMicroelectronics.FP-ATR-ASTRA1.1.1.1
2023-02-02 09:58:03,786 [WARN] PackLoader:242 - Cannot read IP mode file for STMicroelectronics.X-CUBE-BLEMGR.1.3.0
2023-02-02 09:58:03,850 [WARN] PackLoader:242 - Cannot read IP mode file for STMicroelectronics.X-CUBE-AZRTOS-G4.1.0.0
2023-02-02 09:58:03,862 [WARN] PackLoader:242 - Cannot read IP mode file for STMicroelectronics.FP-ATR-SIGFOX1.3.2.0
2023-02-02 09:58:03,902 [WARN] PackLoader:242 - Cannot read IP mode file for STMicroelectronics.X-CUBE-AZRTOS-L4.1.0.0
2023-02-02 09:58:03,926 [WARN] PackLoader:242 - Cannot read IP mode file for emotas.I-CUBE-CANOPEN.1.1.2
2023-02-02 09:58:03,934 [WARN] PackLoader:242 - Cannot read IP mode file for STMicroelectronics.X-CUBE-TOUCHGFX.4.20.0
2023-02-02 09:58:03,962 [WARN] PackLoader:242 - Cannot read IP mode file for STMicroelectronics.X-CUBE-AZRTOS-WL.1.0.0
2023-02-02 09:58:03,982 [WARN] PackLoader:242 - Cannot read IP mode file for portGmbH.I-Cube-SoM-uGOAL.1.1.0
2023-02-02 09:58:03,994 [WARN] PackLoader:242 - Cannot read IP mode file for STMicroelectronics.X-CUBE-ALS.1.0.1
2023-02-02 09:58:04,044 [WARN] PackLoader:242 - Cannot read IP mode file for STMicroelectronics.X-CUBE-AZRTOS-WB.1.1.0
2023-02-02 09:58:04,080 [WARN] PackLoader:242 - Cannot read IP mode file for STMicroelectronics.X-CUBE-AZRTOS-L5.1.0.0
2023-02-02 09:58:04,091 [WARN] PackLoader:242 - Cannot read IP mode file for STMicroelectronics.X-CUBE-EEPRMA1.3.1.1
2023-02-02 09:58:04,094 [INFO] ThirdParty:947 - Integrity check success = true
2023-02-02 09:58:04,094 [INFO] IntegrityCheckThread:98 - exiting critical section [integrity check]
2023-02-02 09:58:04,094 [INFO] IntegrityCheckThread:101 - End integrity checks thread
2023-02-02 09:58:05,996 [INFO] ApiDb:239 - Found 143 in-development CPN: [B-WB1M-WPAN1, B-WL5M-SUBG1, NUCLEO-C031C6, STEVAL-PROTEUS1, STEVAL-STWINBX1, STM320518-EVAL, STM32C0116-DK, STM32C011D6Y3TR, STM32C011D6Y6TR, STM32C011F4P3, STM32C011F4P6, STM32C011F4U3, STM32C011F4U6TR, STM32C011F6P3, STM32C011F6P6, STM32C011F6U3, STM32C011F6U6TR, STM32C011J4M3, STM32C011J4M6, STM32C011J6M3, STM32C011J6M6, STM32C0316-DK, STM32C031C4T3, STM32C031C4T6, STM32C031C4U3, STM32C031C4U6, STM32C031C6T3, STM32C031C6T6, STM32C031C6U3, STM32C031C6U6, STM32C031F4P3, STM32C031F4P6, STM32C031F6P3, STM32C031F6P6, STM32C031G4U3, STM32C031G4U6, STM32C031G6U3, STM32C031G6U6, STM32C031K4T3, STM32C031K4T6, STM32C031K4U3, STM32C031K4U6, STM32C031K6T3, STM32C031K6T6, STM32C031K6U3, STM32C031K6U6, STM32G071K8TXN, STM32G071K8UXN, STM32G081GBU6N, STM32G081KBT6N, STM32G081KBUXN, STM32G0B1CCT6N, STM32G0B1KCT6, STM32G0B1NEY6TR, STM32G0B1RCT6N, STM32G0C1CCT6, STM32G0C1CCT6N, STM32G0C1CCU6N, STM32G0C1CET6N, STM32G0C1CEU6N, STM32G0C1KCT6, STM32G0C1NEY6TR, STM32G0C1RCI6N, STM32G0C1RCT6N, STM32G0C1REI6N, STM32G0C1RET6N, STM32G0C1VCI6, STM32G0C1VEI6, STM32G471CCT6, STM32G471CCU6, STM32G471CET3, STM32G471CET6, STM32G471CEU3, STM32G471CEU6, STM32G471MCT6, STM32G471MET3, STM32G471MET6, STM32G471MEY6TR, STM32G471QCT6, STM32G471QET3, STM32G471RCT6, STM32G471RET3, STM32G471RET6, STM32G471VCH6, STM32G471VCI6, STM32G471VCT6, STM32G471VEH3, STM32G471VEH6, STM32G471VEI3, STM32G471VEI6, STM32G471VET3, STM32G471VET6, STM32G474CCT6, STM32L476VGY6PTR, STM32L4R5QGI6STR, STM32MP131AAE3, STM32MP131AAF3, STM32MP131AAG3, STM32MP131CAE3, STM32MP131CAF3, STM32MP131CAG3, STM32MP131DAE7, STM32MP131DAF7, STM32MP131DAG7, STM32MP131FAE7, STM32MP131FAF7, STM32MP131FAG7, STM32MP133AAE3, STM32MP133AAF3, STM32MP133AAG3, STM32MP133CAE3, STM32MP133CAF3, STM32MP133CAG3, STM32MP133DAE7, STM32MP133DAF7, STM32MP133DAG7, STM32MP133FAE7, STM32MP133FAF7, STM32MP133FAG7, STM32MP135AAE3, STM32MP135AAF3, STM32MP135AAG3, STM32MP135CAE3, STM32MP135CAF3, STM32MP135CAG3, STM32MP135DAE7, STM32MP135DAF7, STM32MP135DAG7, STM32MP135F-DK, STM32MP135FAE7, STM32MP135FAF7, STM32MP135FAF7T, STM32MP135FAF7U, STM32MP135FAG7, STM32U595ZJT6Q, STM32U599BJY6QTR, STM32U599NIH6Q, STM32U599NJH6Q, STM32U5A5ZJT6Q, STM32U5A9BJY6QTR, STM32U5A9NJH6Q, STM32WB1MMCH6, STM32WL5MOCH6TR]
2023-02-02 09:58:06,001 [INFO] DbMcus:215 - Found 3582 MCUs, 3582 are supported
2023-02-02 09:58:06,007 [INFO] ApiDb:422 - Load user favorites file C:\Users\alves/.stm32cubeide/favorites.mcus.txt: 0 item(s)
2023-02-02 09:58:06,007 [INFO] ApiDb:426 - User favorites MCUs=[]
2023-02-02 09:58:06,007 [INFO] DbMcus:221 - Set 0 / 0 favorites MCUs
2023-02-02 09:58:06,336 [INFO] McuFinderGlobals:65 - Set McuFinderConnectedMode to true
2023-02-02 09:58:06,345 [INFO] MultiScanPanel:196 - Auto-refresh data requested => check proxy status ongoing
2023-02-02 09:58:06,351 [INFO] FinderPluginLoader:92 - Searching for filters in installed packs
2023-02-02 09:58:08,074 [INFO] LoadUrlFilesThread:179 - End of LoadServerUrlFiles without Thread
2023-02-02 09:58:08,114 [INFO] DetailPanel:339 - Set advertising image to C:/Users/alves/STM32Cube/Repository/\en.prom-stm32c0-0123.jpg
2023-02-02 09:58:08,888 [INFO] ApiDb:667 - CubeFinder database Data Model version=2.1
2023-02-02 09:58:08,890 [INFO] ApiDb:668 - CubeFinder database Configuration version=3.0.35
2023-02-02 09:58:08,890 [INFO] ApiDb:669 - CubeFinder database generation date=2023-01-18 (1674054071)
2023-02-02 09:58:08,890 [INFO] ApiDb:670 - CubeFinder database FW Pack versions=[FP-ATR-ASTRA1_V1.1.1, STM32Cube_FW_C0_V1.0.1, STM32Cube_FW_F4_V1.27.1, STM32Cube_FW_F7_V1.17.0, STM32Cube_FW_G0_V1.6.1, STM32Cube_FW_G4_V1.5.0, STM32Cube_FW_H5_V0.5.1, STM32Cube_FW_H7_V1.11.0, STM32Cube_FW_L5_V1.5.0, STM32Cube_FW_U5_V1.1.1, STM32Cube_FW_WBA_V0.2.0, STM32Cube_FW_WB_V1.15.0, STM32Cube_FW_WB_V1.15.0RC1, STM32Cube_FW_WL_V1.3.0, X-CUBE-ALGOBUILD_V1.3.0, X-CUBE-ALS_V1.0.1, X-CUBE-AZRTOS-F4_V1.1.0, X-CUBE-AZRTOS-F7_V1.1.0, X-CUBE-AZRTOS-G0_V1.1.0, X-CUBE-AZRTOS-G4_V1.0.0, X-CUBE-AZRTOS-H7_V2.1.0, X-CUBE-AZRTOS-L4_V1.0.0, X-CUBE-AZRTOS-L5_V1.0.0, X-CUBE-AZRTOS-WL_V1.0.0, X-CUBE-BLE1_V6.2.4, X-CUBE-BLE2_V3.3.0, X-CUBE-BLEMGR_V1.3.0, X-CUBE-EEPRMA1_V4.1.0, X-CUBE-GNSS1_V6.0.0, X-CUBE-MEMS1_V9.1.0, X-CUBE-MEMS1_V9.3.0, X-CUBE-MEMS1_V9.4.0, X-CUBE-NFC4_V3.0.0, X-CUBE-NFC7_V1.0.0, X-CUBE-SFXS2LP1_V4.0.0, X-CUBE-SUBG2_V5.0.0]
2023-02-02 09:58:09,020 [INFO] DbBoardsSqlite:225 - include board P-NUCLEO-WB55-NUCLEO as a kit item of type 'Nucleo-64'
2023-02-02 09:58:09,021 [INFO] DbBoardsSqlite:225 - include board P-NUCLEO-WB55-USBDONGLE as a kit item of type 'Nucleo USB Dongle'
2023-02-02 09:58:09,021 [INFO] DbBoardsSqlite:225 - include board STEVAL-IDP005V1 as a kit item of type 'Evaluation Board'
2023-02-02 09:58:09,021 [INFO] DbBoardsSqlite:225 - include board STEVAL-IDP005V2 as a kit item of type 'Evaluation Board'
2023-02-02 09:58:09,121 [INFO] ApiDb:239 - Found 143 in-development CPN: [B-WB1M-WPAN1, B-WL5M-SUBG1, NUCLEO-C031C6, STEVAL-PROTEUS1, STEVAL-STWINBX1, STM320518-EVAL, STM32C0116-DK, STM32C011D6Y3TR, STM32C011D6Y6TR, STM32C011F4P3, STM32C011F4P6, STM32C011F4U3, STM32C011F4U6TR, STM32C011F6P3, STM32C011F6P6, STM32C011F6U3, STM32C011F6U6TR, STM32C011J4M3, STM32C011J4M6, STM32C011J6M3, STM32C011J6M6, STM32C0316-DK, STM32C031C4T3, STM32C031C4T6, STM32C031C4U3, STM32C031C4U6, STM32C031C6T3, STM32C031C6T6, STM32C031C6U3, STM32C031C6U6, STM32C031F4P3, STM32C031F4P6, STM32C031F6P3, STM32C031F6P6, STM32C031G4U3, STM32C031G4U6, STM32C031G6U3, STM32C031G6U6, STM32C031K4T3, STM32C031K4T6, STM32C031K4U3, STM32C031K4U6, STM32C031K6T3, STM32C031K6T6, STM32C031K6U3, STM32C031K6U6, STM32G071K8TXN, STM32G071K8UXN, STM32G081GBU6N, STM32G081KBT6N, STM32G081KBUXN, STM32G0B1CCT6N, STM32G0B1KCT6, STM32G0B1NEY6TR, STM32G0B1RCT6N, STM32G0C1CCT6, STM32G0C1CCT6N, STM32G0C1CCU6N, STM32G0C1CET6N, STM32G0C1CEU6N, STM32G0C1KCT6, STM32G0C1NEY6TR, STM32G0C1RCI6N, STM32G0C1RCT6N, STM32G0C1REI6N, STM32G0C1RET6N, STM32G0C1VCI6, STM32G0C1VEI6, STM32G471CCT6, STM32G471CCU6, STM32G471CET3, STM32G471CET6, STM32G471CEU3, STM32G471CEU6, STM32G471MCT6, STM32G471MET3, STM32G471MET6, STM32G471MEY6TR, STM32G471QCT6, STM32G471QET3, STM32G471RCT6, STM32G471RET3, STM32G471RET6, STM32G471VCH6, STM32G471VCI6, STM32G471VCT6, STM32G471VEH3, STM32G471VEH6, STM32G471VEI3, STM32G471VEI6, STM32G471VET3, STM32G471VET6, STM32G474CCT6, STM32L476VGY6PTR, STM32L4R5QGI6STR, STM32MP131AAE3, STM32MP131AAF3, STM32MP131AAG3, STM32MP131CAE3, STM32MP131CAF3, STM32MP131CAG3, STM32MP131DAE7, STM32MP131DAF7, STM32MP131DAG7, STM32MP131FAE7, STM32MP131FAF7, STM32MP131FAG7, STM32MP133AAE3, STM32MP133AAF3, STM32MP133AAG3, STM32MP133CAE3, STM32MP133CAF3, STM32MP133CAG3, STM32MP133DAE7, STM32MP133DAF7, STM32MP133DAG7, STM32MP133FAE7, STM32MP133FAF7, STM32MP133FAG7, STM32MP135AAE3, STM32MP135AAF3, STM32MP135AAG3, STM32MP135CAE3, STM32MP135CAF3, STM32MP135CAG3, STM32MP135DAE7, STM32MP135DAF7, STM32MP135DAG7, STM32MP135F-DK, STM32MP135FAE7, STM32MP135FAF7, STM32MP135FAF7T, STM32MP135FAF7U, STM32MP135FAG7, STM32U595ZJT6Q, STM32U599BJY6QTR, STM32U599NIH6Q, STM32U599NJH6Q, STM32U5A5ZJT6Q, STM32U5A9BJY6QTR, STM32U5A9NJH6Q, STM32WB1MMCH6, STM32WL5MOCH6TR]
2023-02-02 09:58:09,297 [INFO] BoardInfo:879 - No configuration file found for board P-NUCLEO-WB55
2023-02-02 09:58:09,297 [INFO] DbBoards:156 - Kit is not supported: P-NUCLEO-WB55
2023-02-02 09:58:09,304 [INFO] BoardInfo:879 - No configuration file found for board STEVAL-BFA001V1B
2023-02-02 09:58:09,304 [INFO] DbBoards:156 - Kit is not supported: STEVAL-BFA001V1B
2023-02-02 09:58:09,304 [INFO] BoardInfo:879 - No configuration file found for board STEVAL-BFA001V2B
2023-02-02 09:58:09,304 [INFO] DbBoards:156 - Kit is not supported: STEVAL-BFA001V2B
2023-02-02 09:58:09,456 [INFO] DbBoards:160 - Found 179 boards, 176 are supported
2023-02-02 09:58:09,467 [INFO] ApiDb:422 - Load user favorites file C:\Users\alves/.stm32cubeide/favorites.boards.txt: 0 item(s)
2023-02-02 09:58:09,468 [INFO] ApiDb:426 - User favorites Boards=[]
2023-02-02 09:58:09,470 [INFO] DbBoards:189 - Set 0 / 0 favorites Boards
2023-02-02 09:58:13,931 [INFO] MultiScanPanel:196 - Auto-refresh data requested => check proxy status ongoing
2023-02-02 09:58:14,066 [INFO] LoadUrlFilesThread:179 - End of LoadServerUrlFiles without Thread
2023-02-02 09:58:14,066 [INFO] DetailPanel:339 - Set advertising image to C:/Users/alves/STM32Cube/Repository/\en.prom-stm32c0-0123.jpg
2023-02-02 09:58:14,078 [INFO] DbBoards:633 - Loading board mini-images...
2023-02-02 09:58:14,226 [ERROR] DbBoards:650 - Image file not found for board B-WL5M-SUBG1: C:\Users\alves\.stmcufinder\plugins\mcufinder//mcu//boards_images/B-WL5M-SUBG1.jpg
2023-02-02 09:58:17,021 [INFO] DbBoards:656 - Loaded 178 board mini-images
2023-02-02 10:11:34,501 [INFO] MainUpdater:2800 - connection check result : 10
2023-02-02 10:11:34,501 [INFO] MainUpdater:2800 - connection check result : 10
2023-02-02 10:11:34,591 [INFO] MicroXplorer:451 - Change Database Path : 
2023-02-02 10:11:34,593 [INFO] MicroXplorer:481 - Change Database Version : DB.6.0.70
2023-02-02 10:11:34,597 [WARN] ThirdParty:845 - waiting for thirdparty lock release [close project]
2023-02-02 10:11:34,597 [INFO] ThirdParty:847 - entering critical section [close project]
2023-02-02 10:11:34,601 [INFO] ThirdParty:857 - exiting critical section [close project]
2023-02-02 10:11:34,621 [INFO] PinOutPanel:1477 - setPackage(No Configuration,No Configuration)
2023-02-02 10:11:34,641 [INFO] UtilMem:74 - Begin LoadConfig() Used Memory: 639208608 Bytes (680525824)
2023-02-02 10:11:34,654 [INFO] OpenFileManager:307 - Change cursor
2023-02-02 10:11:34,738 [INFO] ProjectFactory:399 - No CPN specified for board NUCLEO-L432KC => set CPN to STM32L432KCU3
2023-02-02 10:11:34,740 [INFO] Mcu:1925 - Initializing MCU STM32L432K(B-C)Ux STM32L432KCUx STM32L432KCU3
2023-02-02 10:11:36,593 [INFO] Context:654 - Trying to add GPIOservice into a context  which must be forbidden
2023-02-02 10:11:37,062 [INFO] Rule:225 - rule 117617 - U5Cobra4M][GTZC] default value MPCBB3 and MPCBB5 - Not Secured memory - MPCBB1 is applicable
2023-02-02 10:11:37,062 [INFO] Rule:225 - rule 117617 - U5Cobra4M][GTZC] default value MPCBB3 and MPCBB5 - Not Secured memory - MPCBB1 is applicable
2023-02-02 10:11:37,062 [INFO] Rule:225 - rule 117617 - U5Cobra4M][GTZC] default value MPCBB3 and MPCBB5 - Not Secured memory - MPCBB2 is applicable
2023-02-02 10:11:37,062 [INFO] Rule:225 - rule 117617 - U5Cobra4M][GTZC] default value MPCBB3 and MPCBB5 - Not Secured memory - MPCBB2 is applicable
2023-02-02 10:11:37,062 [INFO] Rule:225 - rule 117617 - U5Cobra4M][GTZC] default value MPCBB3 and MPCBB5 - Not Secured memory - MPCBB3 is applicable
2023-02-02 10:11:37,062 [INFO] Rule:225 - rule 117617 - U5Cobra4M][GTZC] default value MPCBB3 and MPCBB5 - Not Secured memory - MPCBB3 is applicable
2023-02-02 10:11:37,062 [INFO] Rule:225 - rule 117617 - U5Cobra4M][GTZC] default value MPCBB3 and MPCBB5 - Not Secured memory - MPCBB4 is applicable
2023-02-02 10:11:37,062 [INFO] Rule:225 - rule 117617 - U5Cobra4M][GTZC] default value MPCBB3 and MPCBB5 - Not Secured memory - MPCBB4 is applicable
2023-02-02 10:11:37,062 [INFO] Rule:225 - rule 117617 - U5Cobra4M][GTZC] default value MPCBB3 and MPCBB5 - Secured memory - MPCBB1 is applicable
2023-02-02 10:11:37,062 [INFO] Rule:225 - rule 117617 - U5Cobra4M][GTZC] default value MPCBB3 and MPCBB5 - Secured memory - MPCBB2 is applicable
2023-02-02 10:11:37,062 [INFO] Rule:225 - rule 117617 - U5Cobra4M][GTZC] default value MPCBB3 and MPCBB5 - Secured memory - MPCBB3 is applicable
2023-02-02 10:11:37,062 [INFO] Rule:225 - rule 117617 - U5Cobra4M][GTZC] default value MPCBB3 and MPCBB5 - Secured memory - MPCBB4 is applicable
2023-02-02 10:11:37,062 [INFO] Rule:225 - rule 117617 - U5Cobra4M][GTZC] default value MPCBB3 and MPCBB5 - Privileged memory - MPCBB1 is applicable
2023-02-02 10:11:37,062 [INFO] Rule:225 - rule 117617 - U5Cobra4M][GTZC] default value MPCBB3 and MPCBB5 - Privileged memory - MPCBB2 is applicable
2023-02-02 10:11:37,062 [INFO] Rule:225 - rule 117617 - U5Cobra4M][GTZC] default value MPCBB3 and MPCBB5 - Privileged memory - MPCBB3 is applicable
2023-02-02 10:11:37,062 [INFO] Rule:225 - rule 117617 - U5Cobra4M][GTZC] default value MPCBB3 and MPCBB5 - Privileged memory - MPCBB4 is applicable
2023-02-02 10:11:37,062 [INFO] Rule:225 - rule 117617 - U5Cobra4M][GTZC] default value MPCBB3 and MPCBB5 - Not Privileged memory - MPCBB1 is applicable
2023-02-02 10:11:37,062 [INFO] Rule:225 - rule 117617 - U5Cobra4M][GTZC] default value MPCBB3 and MPCBB5 - Not Privileged memory - MPCBB2 is applicable
2023-02-02 10:11:37,062 [INFO] Rule:225 - rule 117617 - U5Cobra4M][GTZC] default value MPCBB3 and MPCBB5 - Not Privileged memory - MPCBB3 is applicable
2023-02-02 10:11:37,062 [INFO] Rule:225 - rule 117617 - U5Cobra4M][GTZC] default value MPCBB3 and MPCBB5 - Not Privileged memory - MPCBB4 is applicable
2023-02-02 10:11:37,062 [INFO] Rule:225 - rule 117617 - U5Cobra4M][GTZC] default value MPCBB3 and MPCBB5 - Privileged memory - MPCBB1 is applicable
2023-02-02 10:11:37,066 [INFO] Rule:225 - rule 117617 - U5Cobra4M][GTZC] default value MPCBB3 and MPCBB5 - Privileged memory - MPCBB2 is applicable
2023-02-02 10:11:37,066 [INFO] Rule:225 - rule 117617 - U5Cobra4M][GTZC] default value MPCBB3 and MPCBB5 - Privileged memory - MPCBB3 is applicable
2023-02-02 10:11:37,066 [INFO] Rule:225 - rule 117617 - U5Cobra4M][GTZC] default value MPCBB3 and MPCBB5 - Privileged memory - MPCBB4 is applicable
2023-02-02 10:11:37,066 [INFO] Rule:225 - rule 117617 - U5Cobra4M][GTZC] default value MPCBB3 and MPCBB5 - Privileged memory - MPCBB1 is applicable
2023-02-02 10:11:37,066 [INFO] Rule:225 - rule 117617 - U5Cobra4M][GTZC] default value MPCBB3 and MPCBB5 - Privileged memory - MPCBB2 is applicable
2023-02-02 10:11:37,066 [INFO] Rule:225 - rule 117617 - U5Cobra4M][GTZC] default value MPCBB3 and MPCBB5 - Privileged memory - MPCBB3 is applicable
2023-02-02 10:11:37,066 [INFO] Rule:225 - rule 117617 - U5Cobra4M][GTZC] default value MPCBB3 and MPCBB5 - Privileged memory - MPCBB4 is applicable
2023-02-02 10:11:37,066 [INFO] Rule:225 - rule 117617 - U5Cobra4M][GTZC] default value MPCBB3 and MPCBB5 - Not Privileged memory - MPCBB1 is applicable
2023-02-02 10:11:37,066 [INFO] Rule:225 - rule 117617 - U5Cobra4M][GTZC] default value MPCBB3 and MPCBB5 - Not Privileged memory - MPCBB2 is applicable
2023-02-02 10:11:37,066 [INFO] Rule:225 - rule 117617 - U5Cobra4M][GTZC] default value MPCBB3 and MPCBB5 - Not Privileged memory - MPCBB3 is applicable
2023-02-02 10:11:37,066 [INFO] Rule:225 - rule 117617 - U5Cobra4M][GTZC] default value MPCBB3 and MPCBB5 - Not Privileged memory - MPCBB4 is applicable
2023-02-02 10:11:37,066 [INFO] Rule:225 - rule 117617 - U5Cobra4M][GTZC] default value MPCBB3 and MPCBB5 - Privileged memory - MPCBB1 is applicable
2023-02-02 10:11:37,066 [INFO] Rule:225 - rule 117617 - U5Cobra4M][GTZC] default value MPCBB3 and MPCBB5 - Privileged memory - MPCBB2 is applicable
2023-02-02 10:11:37,066 [INFO] Rule:225 - rule 117617 - U5Cobra4M][GTZC] default value MPCBB3 and MPCBB5 - Privileged memory - MPCBB3 is applicable
2023-02-02 10:11:37,066 [INFO] Rule:225 - rule 117617 - U5Cobra4M][GTZC] default value MPCBB3 and MPCBB5 - Privileged memory - MPCBB4 is applicable
2023-02-02 10:11:37,066 [INFO] Rule:225 - rule Rename SubGHz_Phy SUBGHZ_APPLICATION SUBGHZ_PINGPONG to SUBGHZ_ADV_APPLICATION is applicable
2023-02-02 10:11:37,066 [INFO] Rule:225 - rule Rename Enabled to IBEACON is applicable
2023-02-02 10:11:37,066 [INFO] Rule:225 - rule GTZC_S instance for project manager is applicable
2023-02-02 10:11:37,066 [INFO] Rule:225 - rule GTZC_S instance for context M33S is applicable
2023-02-02 10:11:37,066 [INFO] Rule:225 - rule GTZC_S instance value for IP GTZC is applicable
2023-02-02 10:11:37,066 [INFO] Rule:225 - rule GTZC_S instance for mcu.IP is applicable
2023-02-02 10:11:37,066 [INFO] Rule:225 - rule GTZC_S instance for VP is applicable
2023-02-02 10:11:37,066 [INFO] Rule:225 - rule GTZC_S instance for signal is applicable
2023-02-02 10:11:37,066 [INFO] Rule:225 - rule GTZC_S instance for mcu.Pin is applicable
2023-02-02 10:11:37,066 [INFO] Rule:225 - rule GTZC_S instance for VP is applicable
2023-02-02 10:11:37,066 [INFO] Rule:225 - rule GTZC_S instance for signal is applicable
2023-02-02 10:11:37,066 [INFO] Rule:225 - rule GTZC_S instance for mcu is applicable
2023-02-02 10:11:37,066 [INFO] Rule:225 - rule GTZC_S instance for mcu.Pin is applicable
2023-02-02 10:11:37,070 [INFO] Rule:225 - rule GTZC_S instance value for IP GTZC is applicable
2023-02-02 10:11:37,070 [INFO] Rule:225 - rule GTZC_S instance for project manager is applicable
2023-02-02 10:11:37,070 [INFO] Rule:225 - rule GTZC_S instance for context M33S is applicable
2023-02-02 10:11:37,070 [INFO] Rule:225 - rule GTZC_S instance for VP is applicable
2023-02-02 10:11:37,070 [INFO] Rule:225 - rule GTZC_S instance for signal is applicable
2023-02-02 10:11:37,070 [INFO] Rule:225 - rule SPDIFRX instance for mcu is applicable
2023-02-02 10:11:37,070 [INFO] Rule:225 - rule Rename Tracer Mode is applicable
2023-02-02 10:11:37,070 [INFO] Rule:225 - rule SPDIFRX instance value for IP SPDIFRX is applicable
2023-02-02 10:11:37,070 [INFO] Rule:225 - rule SPDIFRX instance for signal is applicable
2023-02-02 10:11:37,070 [INFO] Rule:225 - rule SPDIFRX instance for project manager is applicable
2023-02-02 10:11:37,070 [INFO] Rule:225 - rule SPDIFRX instance for project manager is applicable
2023-02-02 10:11:37,070 [INFO] Rule:225 - rule ADC Scan  fix with FW F7 is applicable
2023-02-02 10:11:37,070 [INFO] Rule:225 - rule ADC Scan  fix with FW F7 is applicable
2023-02-02 10:11:37,070 [INFO] Rule:225 - rule DFSDM instance value for IP DFSDM is applicable
2023-02-02 10:11:37,070 [INFO] Rule:225 - rule DFSDM instance for mcu is applicable
2023-02-02 10:11:37,071 [INFO] Rule:225 - rule DFSDM instance for VP is applicable
2023-02-02 10:11:37,071 [INFO] Rule:225 - rule DFSDM instance for signal is applicable
2023-02-02 10:11:37,071 [INFO] Rule:225 - rule DFSDM instance for shared is applicable
2023-02-02 10:11:37,071 [INFO] Rule:225 - rule BreakInputSource parameter for IP Timer is applicable
2023-02-02 10:11:37,071 [INFO] Rule:225 - rule Sourcebreak parameter for IP Timer is applicable
2023-02-02 10:11:37,071 [INFO] Rule:225 - rule Sourcebreak parameter for IP Timer is applicable
2023-02-02 10:11:37,071 [INFO] Rule:225 - rule DFSDM for PCC is applicable
2023-02-02 10:11:37,071 [INFO] Rule:225 - rule Serial_Wire Mode is applicable
2023-02-02 10:11:37,071 [INFO] Rule:225 - rule JTAG_4_pins Mode is applicable
2023-02-02 10:11:37,071 [INFO] Rule:225 - rule JTAG_5_pins Mode is applicable
2023-02-02 10:11:37,071 [INFO] Rule:225 - rule Trace_Asynchronous_SW Mode is applicable
2023-02-02 10:11:37,071 [INFO] Rule:225 - rule Trace_Synchro_1bit_JTAG Mode is applicable
2023-02-02 10:11:37,071 [INFO] Rule:225 - rule Trace_Synchro_2bits_JTAG Mode is applicable
2023-02-02 10:11:37,071 [INFO] Rule:225 - rule Trace_Synchro_4bits_JTAG Mode is applicable
2023-02-02 10:11:37,071 [INFO] Rule:225 - rule Trace_Synchro_1bit_SW Mode is applicable
2023-02-02 10:11:37,071 [INFO] Rule:225 - rule Trace_Synchro_2bits_SW Mode is applicable
2023-02-02 10:11:37,072 [INFO] Rule:225 - rule Trace_Synchro_4bits_SW Mode is applicable
2023-02-02 10:11:37,072 [INFO] Rule:225 - rule SYS_WakeUp0 Mode is applicable
2023-02-02 10:11:37,072 [INFO] Rule:225 - rule SYS_WakeUp0 Mode for STM32F446 is applicable
2023-02-02 10:11:37,072 [INFO] Rule:225 - rule SYS_WakeUp1 Mode is applicable
2023-02-02 10:11:37,072 [INFO] Rule:225 - rule SYS_WakeUp1 Mode for STM32F446 is applicable
2023-02-02 10:11:37,072 [INFO] Rule:225 - rule SYS_WakeUp2 Mode is applicable
2023-02-02 10:11:37,072 [INFO] Rule:225 - rule SYS_WakeUp3 Mode is applicable
2023-02-02 10:11:37,072 [INFO] Rule:225 - rule SYS_WakeUp4 Mode is applicable
2023-02-02 10:11:37,072 [INFO] Rule:225 - rule SYS_WakeUp5 Mode is applicable
2023-02-02 10:11:37,072 [INFO] Rule:225 - rule SYS_WakeUp6 Mode is applicable
2023-02-02 10:11:37,072 [INFO] Rule:225 - rule SYS_WakeUp7 Mode is applicable
2023-02-02 10:11:37,072 [INFO] Rule:225 - rule Mode_PVD_Ext is applicable
2023-02-02 10:11:37,072 [INFO] Rule:225 - rule Mode_PVD_Int is applicable
2023-02-02 10:11:37,072 [INFO] Rule:225 - rule Add RTC Activate Clock Source is applicable
2023-02-02 10:11:37,072 [INFO] Rule:225 - rule Add RTC Activate Calendar 1 is applicable
2023-02-02 10:11:37,072 [INFO] Rule:225 - rule Add RTC Activate Calendar 2 is applicable
2023-02-02 10:11:37,072 [INFO] Rule:225 - rule Add RTC Activate Calendar 3 is applicable
2023-02-02 10:11:37,074 [INFO] Rule:225 - rule UART/USART TX Mode is applicable
2023-02-02 10:11:37,074 [INFO] Rule:225 - rule UART/USART RX Mode is applicable
2023-02-02 10:11:37,074 [INFO] Rule:225 - rule UART/USART RX TX Mode is applicable
2023-02-02 10:11:37,074 [INFO] Rule:225 - rule UART/USART PARITY NONE is applicable
2023-02-02 10:11:37,074 [INFO] Rule:225 - rule UART/USART PARITY EVEN is applicable
2023-02-02 10:11:37,074 [INFO] Rule:225 - rule UART/USART PARITY ODD is applicable
2023-02-02 10:11:37,074 [INFO] Rule:225 - rule USART StopBits 1 is applicable
2023-02-02 10:11:37,074 [INFO] Rule:225 - rule USART StopBits 2 is applicable
2023-02-02 10:11:37,074 [INFO] Rule:225 - rule USART StopBits 1.5 is applicable
2023-02-02 10:11:37,074 [INFO] Rule:225 - rule USART StopBits 0.5 is applicable
2023-02-02 10:11:37,074 [INFO] Rule:225 - rule UART/USART WORD LENGTH 7 is applicable
2023-02-02 10:11:37,074 [INFO] Rule:225 - rule UART/USART WORD LENGTH 8 is applicable
2023-02-02 10:11:37,074 [INFO] Rule:225 - rule UART/USART WORD LENGTH 9 is applicable
2023-02-02 10:11:37,074 [INFO] Rule:225 - rule Rename FMC NAND NCE signal is applicable
2023-02-02 10:11:37,074 [INFO] Rule:225 - rule Rename FMC NAND INT signal is applicable
2023-02-02 10:11:37,074 [INFO] Rule:225 - rule Change Default Value for LSE Drive Capability for WB family is applicable
2023-02-02 10:11:37,074 [INFO] Rule:225 - rule Change Default Value for ADC Clock Prescaler G0 family is applicable
2023-02-02 10:11:37,074 [INFO] Rule:225 - rule Change Default Value for ADC ExternalTrigConv L4 family is applicable
2023-02-02 10:11:37,074 [INFO] Rule:225 - rule Change Default Value for ADC ExternalTrigInjecConv L4 family is applicable
2023-02-02 10:11:37,074 [INFO] Rule:225 - rule Change Default Value for ADC ExternalTrigConv F3 family is applicable
2023-02-02 10:11:37,078 [INFO] Rule:225 - rule Change Default Value for ADC ExternalTrigInjecConv F3 family is applicable
2023-02-02 10:11:37,078 [INFO] Rule:225 - rule Change Default Value for ADC ExternalTrigConv Goldfish serie is applicable
2023-02-02 10:11:37,078 [INFO] Rule:225 - rule Change Default Value for ADC ExternalTrigInjecConv Goldfish serie is applicable
2023-02-02 10:11:37,078 [INFO] Rule:225 - rule Change Default Value for ADC ExternalTrigConv L0 family is applicable
2023-02-02 10:11:37,078 [INFO] Rule:225 - rule Change Default Value for ADC ExternalTrigConv F0 family is applicable
2023-02-02 10:11:37,078 [INFO] Rule:225 - rule Change Default Value for ADC ExternalTrigConvn L1 family is applicable
2023-02-02 10:11:37,078 [INFO] Rule:225 - rule Change Default Value for ADC ExternalTrigInjecConv L1 family is applicable
2023-02-02 10:11:37,078 [INFO] Rule:225 - rule Change Default Value for ADC ExternalTrigConv F1 family is applicable
2023-02-02 10:11:37,078 [INFO] Rule:225 - rule Change Default Value for ADC ExternalTrigInjecConv F1 family is applicable
2023-02-02 10:11:37,078 [INFO] Rule:225 - rule Change Default Value for ADC ExternalTrigConv F7 family is applicable
2023-02-02 10:11:37,078 [INFO] Rule:225 - rule Change Default Value for ADC ExternalTrigInjecConv F7 family is applicable
2023-02-02 10:11:37,078 [INFO] Rule:225 - rule Change Default Value for ADC ExternalTrigConv F4 and F2 family is applicable
2023-02-02 10:11:37,078 [INFO] Rule:225 - rule Change Default Value for ADC ExternalTrigInjecConv F4 and F2 family is applicable
2023-02-02 10:11:37,080 [INFO] Rule:225 - rule ADC SamplingTime fix with FW L0  is applicable
2023-02-02 10:11:37,080 [INFO] Rule:225 - rule ADC SamplingTime fix with FW L0  is applicable
2023-02-02 10:11:37,080 [INFO] Rule:225 - rule ADC SamplingTime fix with FW L0 is applicable
2023-02-02 10:11:37,080 [INFO] Rule:225 - rule ADC SamplingTime fix with FW L0 is applicable
2023-02-02 10:11:37,080 [INFO] Rule:225 - rule ADC SamplingTime fix with FW L0  is applicable
2023-02-02 10:11:37,080 [INFO] Rule:225 - rule ADC SamplingTime fix with FW L0 is applicable
2023-02-02 10:11:37,080 [INFO] Rule:225 - rule Rename USB_OE Signal is applicable
2023-02-02 10:11:37,080 [INFO] Rule:225 - rule Rename Activate_OE Mode is applicable
2023-02-02 10:11:37,080 [INFO] Rule:225 - rule Rename DIE462/DIE415 pin PC14/OSC32_IN -> PC14-OSC32_IN (PC14) is applicable
2023-02-02 10:11:37,080 [INFO] Rule:225 - rule Rename DIE462/DIE415 pin PC15/OSC32_OUT -> PC15-OSC32_OUT (PC15) is applicable
2023-02-02 10:11:37,080 [INFO] Rule:225 - rule Rename DIE462/DIE415 pin PH0/OSC_IN -> PH0-OSC_IN (PH0) is applicable
2023-02-02 10:11:37,080 [INFO] Rule:225 - rule Rename DIE462/DIE415 pin PH1/OSC_OUT -> PH1-OSC_OUT (PH1) is applicable
2023-02-02 10:11:37,080 [INFO] Rule:225 - rule Rename DIE462 pin PA13 -> PA13 (JTMS/SWDIO) is applicable
2023-02-02 10:11:37,081 [INFO] Rule:225 - rule Rename DIE415 pin PA13 -> PA13 (JTMS/SWDIO) is applicable
2023-02-02 10:11:37,081 [INFO] Rule:225 - rule Rename DIE462 pin PA14 -> PA14 (JTCK/SWCLK) is applicable
2023-02-02 10:11:37,081 [INFO] Rule:225 - rule Rename DIE415 pin PA14 -> PA14 (JTCK/SWCLK) is applicable
2023-02-02 10:11:37,081 [INFO] Rule:225 - rule Rename DIE462/DIE415 pin PA15 -> PA15 (JTDI) is applicable
2023-02-02 10:11:37,081 [INFO] Rule:225 - rule Rename DIE462 pin PB3 -> PB3 (JTD0/TRACESWO) is applicable
2023-02-02 10:11:37,081 [INFO] Rule:225 - rule Rename DIE415 pin PB3 -> PB3 (JTD0-TRACESWO) is applicable
2023-02-02 10:11:37,081 [INFO] Rule:225 - rule Rename DIE462/DIE415 pin PB4 -> PB4 (NJTRST) is applicable
2023-02-02 10:11:37,081 [INFO] Rule:225 - rule Rename DIE462 pin PH3/BOOT0 -> PH3-BOOT0 (BOOT0) is applicable
2023-02-02 10:11:37,081 [INFO] Rule:225 - rule Rename CRYP DataEncryptionTypesList to Algorithm is applicable
2023-02-02 10:11:37,081 [INFO] Rule:225 - rule Rename AES DataEncryptionTypesList to Algorithm is applicable
2023-02-02 10:11:37,081 [INFO] Rule:225 - rule Rename TDESECB to CRYP_TDES_ECB is applicable
2023-02-02 10:11:37,081 [INFO] Rule:225 - rule Rename TDESCBC to CRYP_TDES_CBC is applicable
2023-02-02 10:11:37,081 [INFO] Rule:225 - rule Rename DESECB to CRYP_DES_ECB is applicable
2023-02-02 10:11:37,081 [INFO] Rule:225 - rule Rename DESCBC to CRYP_DES_CBC is applicable
2023-02-02 10:11:37,081 [INFO] Rule:225 - rule Rename AESECB to CRYP_AES_ECB is applicable
2023-02-02 10:11:37,081 [INFO] Rule:225 - rule Rename AESCBC to CRYP_AES_CBC is applicable
2023-02-02 10:11:37,081 [INFO] Rule:225 - rule Rename AESCTR to CRYP_AES_CTR is applicable
2023-02-02 10:11:37,081 [INFO] Rule:225 - rule Rename AESGCM to CRYP_AES_GCM is applicable
2023-02-02 10:11:37,081 [INFO] Rule:225 - rule Rename AESCCM to CRYP_AES_CCM is applicable
2023-02-02 10:11:37,082 [INFO] Rule:225 - rule Rename CAN TimeSeg1 to BS1 is applicable
2023-02-02 10:11:37,082 [INFO] Rule:225 - rule Rename CAN TimeSeg2 to BS2 is applicable
2023-02-02 10:11:37,082 [INFO] Rule:225 - rule Rename CAN SyncJumpWidth to SJW is applicable
2023-02-02 10:11:37,082 [INFO] Rule:225 - rule TimeTriggeredMode to TTCM is applicable
2023-02-02 10:11:37,082 [INFO] Rule:225 - rule Rename CAN AutoBusOff to ABOM is applicable
2023-02-02 10:11:37,082 [INFO] Rule:225 - rule Rename CAN AutoWakeUp to AWUM is applicable
2023-02-02 10:11:37,082 [INFO] Rule:225 - rule Rename CAN AutoRetransmission to NART is applicable
2023-02-02 10:11:37,082 [INFO] Rule:225 - rule Rename CAN ReceiveFifoLocked to RFLM is applicable
2023-02-02 10:11:37,082 [INFO] Rule:225 - rule Rename CAN TransmitFifoPriority to TXFP is applicable
2023-02-02 10:11:37,082 [INFO] Rule:225 - rule Rename HRTIMER HRTIM_OUTPUTFAULTLEVEL_HIGH in HRTIMER HRTIM_OUTPUTFAULTLEVEL_HIGHZ is applicable
2023-02-02 10:11:37,082 [INFO] Rule:225 - rule Rename TIMER TIM_CLEARINPUTSOURCE_OCREFCLR in  TIMER TIM_CLEARINPUTSOURCE_NONE for F7 family is applicable
2023-02-02 10:11:37,082 [INFO] Rule:225 - rule FDCAN_R1 - Rename FDCAN mode Master into Classic is applicable
2023-02-02 10:11:37,082 [INFO] Rule:225 - rule FDCAN_R2 - Rename FDCAN mode Slave into Classic is applicable
2023-02-02 10:11:37,082 [INFO] Rule:225 - rule FDCAN1_R3 - if PA10.Mode=FullDuplex, add Pin PA12 is applicable
2023-02-02 10:11:37,082 [INFO] Rule:225 - rule FDCAN1_R3 - if PA9.Mode=FullDuplex, add Pin PA11 is applicable
2023-02-02 10:11:37,082 [INFO] Rule:225 - rule FDCAN1_R3 - Alternatepin_1 - if PE1.Mode=FullDuplex, add Pin PB9 is applicable
2023-02-02 10:11:37,082 [INFO] Rule:225 - rule FDCAN1_R3 - Alternatepin_1 - if PE0.Mode=FullDuplex, add Pin PB8 is applicable
2023-02-02 10:11:37,082 [INFO] Rule:225 - rule FDCAN1_R3 - Alternatepin_2 - if PD5.Mode=FullDuplex, add Pin PD1 is applicable
2023-02-02 10:11:37,082 [INFO] Rule:225 - rule FDCAN1_R3 - Alternatepin_2 - if PD4.Mode=FullDuplex, add Pin PD0 is applicable
2023-02-02 10:11:37,082 [INFO] Rule:225 - rule FDCAN1_R4 - Rename Mode FullDuplex into Enable FDCAN_TXFD for pin PA10 is applicable
2023-02-02 10:11:37,082 [INFO] Rule:225 - rule FDCAN1_R4 - Rename Mode FullDuplex into Enable FDCAN_TXFD for pin PA9 is applicable
2023-02-02 10:11:37,082 [INFO] Rule:225 - rule FDCAN1_R4 - Alternatepin_1 - Rename Mode FullDuplex into Enable FDCAN_TXFD for pin PE1 is applicable
2023-02-02 10:11:37,082 [INFO] Rule:225 - rule FDCAN1_R4 - Alternatepin_1 - Rename Mode FullDuplex into Enable FDCAN_TXFD for pin PE0 is applicable
2023-02-02 10:11:37,082 [INFO] Rule:225 - rule FDCAN1_R4 - Alternatepin_2 - Rename Mode FullDuplex into Enable FDCAN_TXFD for pin PD5 is applicable
2023-02-02 10:11:37,082 [INFO] Rule:225 - rule FDCAN1_R4 - Alternatepin_2 - Rename Mode FullDuplex into Enable FDCAN_TXFD for pin PD4 is applicable
2023-02-02 10:11:37,082 [INFO] Rule:225 - rule FDCAN2_R3 - if PD10.Mode=FullDuplex, add Pin PB13 is applicable
2023-02-02 10:11:37,082 [INFO] Rule:225 - rule FDCAN2_R3 - if PD9.Mode=FullDuplex, add Pin PB12 is applicable
2023-02-02 10:11:37,082 [INFO] Rule:225 - rule FDCAN2_R3 - Alternatepin_1 - if PB7.Mode=FullDuplex, add Pin PB6 is applicable
2023-02-02 10:11:37,082 [INFO] Rule:225 - rule FDCAN2_R3 - Alternatepin_1 - if PD9.Mode=FullDuplex, add Pin PB12 is applicable
2023-02-02 10:11:37,082 [INFO] Rule:225 - rule FDCAN2_R4 - Rename Mode FullDuplex into Enable FDCAN_TXFD for pin PD10 is applicable
2023-02-02 10:11:37,082 [INFO] Rule:225 - rule FDCAN2_R4 - Rename Mode FullDuplex into Enable FDCAN_TXFD for pin PD9 is applicable
2023-02-02 10:11:37,082 [INFO] Rule:225 - rule FDCAN2_R4 - Alternatepin_1 - Rename Mode FullDuplex into Enable FDCAN_TXFD for pin PB7 is applicable
2023-02-02 10:11:37,082 [INFO] Rule:225 - rule FDCAN2_R4 - Alternatepin_1 - Rename Mode FullDuplex into Enable FDCAN_TXFD for pin PD6 is applicable
2023-02-02 10:11:37,082 [INFO] Rule:225 - rule USART TxPinLevelInvertParam Mode is applicable
2023-02-02 10:11:37,082 [INFO] Rule:225 - rule USART RxPinLevelInvertParam Mode is applicable
2023-02-02 10:11:37,082 [INFO] Rule:225 - rule USART DataInvertParam Mode is applicable
2023-02-02 10:11:37,082 [INFO] Rule:225 - rule USART SwapParam Mode is applicable
2023-02-02 10:11:37,082 [INFO] Rule:225 - rule USART OverrunDisableParam Mode is applicable
2023-02-02 10:11:37,082 [INFO] Rule:225 - rule USART DMADisableonRxErrorParam Mode is applicable
2023-02-02 10:11:37,082 [INFO] Rule:225 - rule USART MSBFirstParam Mode is applicable
2023-02-02 10:11:37,082 [INFO] Rule:225 - rule Update MwName for USB_DEVICE is applicable
2023-02-02 10:11:37,082 [INFO] Rule:225 - rule Change PWR_Regulator_Voltage_Scale Default Value for RCC  H7 family is applicable
2023-02-02 10:11:37,082 [INFO] Rule:225 - rule UART/USART IPParameter rename Prescaler parameter to ClockPrescaler is applicable
2023-02-02 10:11:37,082 [INFO] Rule:225 - rule UART/USART Prescaler rename Prescaler parameter to ClockPrescaler is applicable
2023-02-02 10:11:37,082 [INFO] Rule:225 - rule TIM1CLockSelection is applicable
2023-02-02 10:11:37,082 [INFO] Rule:225 - rule TIM15CLockSelection is applicable
2023-02-02 10:11:37,082 [INFO] Rule:225 - rule align RCC SDMMC3CLockSelection default value on MP1 is applicable
2023-02-02 10:11:37,082 [INFO] Rule:225 - rule align RCC SDMMC12CLockSelection default value on MP1 is applicable
2023-02-02 10:11:37,082 [INFO] Rule:225 - rule align RCC QSPICLockSelection default value on MP1 is applicable
2023-02-02 10:11:37,082 [INFO] Rule:225 - rule align RCC QSPICLockSelection default value on MP1 is applicable
2023-02-02 10:11:37,082 [INFO] Rule:225 - rule align RCC SPI6CLockSelection default value on MP1 is applicable
2023-02-02 10:11:37,082 [INFO] Rule:225 - rule align RCC LPTIM23CLockSelection default value on MP1 is applicable
2023-02-02 10:11:37,082 [INFO] Rule:225 - rule align RCC LPTIM1CLockSelection default value on MP1 is applicable
2023-02-02 10:11:37,082 [INFO] Rule:225 - rule align RCC USART1CLockSelection default value on MP1 is applicable
2023-02-02 10:11:37,082 [INFO] Rule:225 - rule align RCC USART24CLockSelection default value on MP1 is applicable
2023-02-02 10:11:37,082 [INFO] Rule:225 - rule align RCC USART6CLockSelection default value on MP1 is applicable
2023-02-02 10:11:37,082 [INFO] Rule:225 - rule align RCC UART78CLockSelection default value on MP1 is applicable
2023-02-02 10:11:37,082 [INFO] Rule:225 - rule align RCC USART35CLockSelection default value on MP1 is applicable
2023-02-02 10:11:37,082 [INFO] Rule:225 - rule align RCC SPI45CLockSelection default value on MP1 is applicable
2023-02-02 10:11:37,086 [INFO] Rule:225 - rule align RCC I2C46CLockSelection BCLK value on MP1 is applicable
2023-02-02 10:11:37,086 [INFO] Rule:225 - rule align RCC SPI45CLockSelection default value on MP1 is applicable
2023-02-02 10:11:37,086 [INFO] Rule:225 - rule align RCC I2C12CLockSelection default value on MP1 is applicable
2023-02-02 10:11:37,086 [INFO] Rule:225 - rule align RCC I2C35CLockSelection default value on MP1 is applicable
2023-02-02 10:11:37,086 [INFO] Rule:225 - rule align RCC LPTIM45CLockSelection default value on MP1 is applicable
2023-02-02 10:11:37,086 [INFO] Rule:225 - rule Rename DCMI PIXCK signal is applicable
2023-02-02 10:11:37,086 [INFO] Rule:225 - rule Change Default Value for I2C46CLockSelection MP1 family is applicable
2023-02-02 10:11:37,086 [INFO] Rule:225 - rule Change Default Value for UART for G4, G0 and WB families is applicable
2023-02-02 10:11:37,086 [INFO] Rule:225 - rule Change Default Value for USART for G4, G0 and WB families is applicable
2023-02-02 10:11:37,086 [INFO] Rule:225 - rule Change Default Value for USART for G4 family is applicable
2023-02-02 10:11:37,086 [INFO] Rule:225 - rule Change USART1CLockSelection refparam name for MP1 is applicable
2023-02-02 10:11:37,086 [INFO] Rule:225 - rule Change USART2CLockSelection refparam name for MP1 is applicable
2023-02-02 10:11:37,086 [INFO] Rule:225 - rule Change USART3CLockSelection refparam name for MP1 is applicable
2023-02-02 10:11:37,086 [INFO] Rule:225 - rule Change UART4CLockSelection refparam name for MP1 is applicable
2023-02-02 10:11:37,086 [INFO] Rule:225 - rule Change UART5CLockSelection refparam name for MP1 is applicable
2023-02-02 10:11:37,086 [INFO] Rule:225 - rule Change LPUART1CLockSelection refparam name for MP1 is applicable
2023-02-02 10:11:37,086 [INFO] Rule:225 - rule Change LPTIM1CLockSelection refparam name for MP1 is applicable
2023-02-02 10:11:37,086 [INFO] Rule:225 - rule Change LPTIM2CLockSelection refparam name for MP1 is applicable
2023-02-02 10:11:37,086 [INFO] Rule:225 - rule Change RCC_MCO1Source refparam name for MP1 is applicable
2023-02-02 10:11:37,086 [INFO] Rule:225 - rule Change LSCOSource1 refparam name for MP1 is applicable
2023-02-02 10:11:37,086 [INFO] Rule:225 - rule Change SMPSCLockSelection refparam name for MP1 is applicable
2023-02-02 10:11:37,086 [INFO] Rule:225 - rule Change LPTIM3CLockSelection refparam name for MP1 is applicable
2023-02-02 10:11:37,086 [INFO] Rule:225 - rule Change MPCBB* Default Template Mode to Parameters is applicable
2023-02-02 10:11:37,086 [INFO] Rule:225 - rule Change MPCWM* or MPCBB* Secure Mode to Parameters is applicable
2023-02-02 10:11:37,086 [INFO] Rule:225 - rule Change MPCWM* or MPCBB* No Secure Mode to Parameters is applicable
2023-02-02 10:11:37,086 [INFO] Rule:225 - rule Change TZSC IP Secure Mode to Parameters is applicable
2023-02-02 10:11:37,086 [INFO] Rule:225 - rule Change TZSC IP No Secure Mode to Parameters is applicable
2023-02-02 10:11:37,086 [INFO] Rule:225 - rule Change TZSC IP Privilege Mode to Parameters is applicable
2023-02-02 10:11:37,086 [INFO] Rule:225 - rule Change TZSC IP No Privilege Mode to Parameters is applicable
2023-02-02 10:11:37,086 [INFO] Rule:225 - rule Change TZIC IT Secure Mode to Parameters is applicable
2023-02-02 10:11:37,086 [INFO] Rule:225 - rule Change TZIC IT No Secure Mode to Parameters is applicable
2023-02-02 10:11:37,086 [INFO] Rule:225 - rule Add MPCBB1_NonSecureArea_Start_Address value with referenced to MPCBB1_NonSecureArea_Start value is applicable
2023-02-02 10:11:37,086 [INFO] Rule:225 - rule Add MPCBB2_NonSecureArea_Start_Address value with referenced to MPCBB2_NonSecureArea_Start value is applicable
2023-02-02 10:11:37,086 [INFO] Rule:225 - rule Add MPCWM1_NonSecureArea*_Start_Address value with referenced to MPCWM1_NonSecureArea*_Start value is applicable
2023-02-02 10:11:37,086 [INFO] Rule:225 - rule Add MPCWM2_NonSecureArea*_Start_Address value with referenced to MPCWM2_NonSecureArea*_Start value is applicable
2023-02-02 10:11:37,086 [INFO] Rule:225 - rule Add MPCWM3_NonSecureArea_Start_Address value with referenced to MPCWM3_NonSecureArea_Start value is applicable
2023-02-02 10:11:37,086 [INFO] Rule:225 - rule Change Default Value for PLL1UserDefinedConfig is applicable
2023-02-02 10:11:37,086 [INFO] Rule:225 - rule Change GPIO_PuPd Default Value for USART in async mode is applicable
2023-02-02 10:11:37,090 [INFO] Rule:225 - rule Change SMPSDivider Default Value is applicable
2023-02-02 10:11:37,090 [INFO] Rule:225 - rule OPAMP is applicable
2023-02-02 10:11:37,090 [INFO] Rule:225 - rule LPUART IPParameter rename Prescaler parameter to ClockPrescaler for STM32H7 is applicable
2023-02-02 10:11:37,090 [INFO] Rule:225 - rule LPUART IPParameter rename Prescaler parameter to ClockPrescaler for STM32H7 is applicable
2023-02-02 10:11:37,090 [INFO] Rule:225 - rule LPUART IPParameter rename Prescaler parameter to ClockPrescaler for STM32WB is applicable
2023-02-02 10:11:37,090 [INFO] Rule:225 - rule LPUART IPParameter rename Prescaler parameter to ClockPrescaler for STM32WB is applicable
2023-02-02 10:11:37,090 [INFO] Rule:225 - rule LPUART IPParameter rename Prescaler parameter to ClockPrescaler for STM32G4 is applicable
2023-02-02 10:11:37,090 [INFO] Rule:225 - rule LPUART IPParameter rename Prescaler parameter to ClockPrescaler for STM32G4 is applicable
2023-02-02 10:11:37,090 [INFO] Rule:225 - rule LPUART IPParameter rename Prescaler parameter to ClockPrescaler for STM32L5 is applicable
2023-02-02 10:11:37,090 [INFO] Rule:225 - rule LPUART IPParameter rename Prescaler parameter to ClockPrescaler for STM32L5 is applicable
2023-02-02 10:11:37,090 [INFO] Rule:225 - rule LPUART IPParameter rename Prescaler parameter to ClockPrescaler for STM32G4 is applicable
2023-02-02 10:11:37,090 [INFO] Rule:225 - rule LPUART IPParameter rename Prescaler parameter to ClockPrescaler for STM32G4 is applicable
2023-02-02 10:11:37,091 [INFO] Rule:225 - rule USB device lib V2.5.3 for L0 rename USBD_SUPPORT_USER_STRING parameter to USBD_SUPPORT_USER_STRING_DESC4 is applicable
2023-02-02 10:11:37,091 [INFO] Rule:225 - rule I2SCLockSelection clock entry align is applicable
2023-02-02 10:11:37,091 [INFO] Rule:225 - rule Assign TIMx context if used as SYS timebase is applicable
2023-02-02 10:11:37,091 [INFO] Rule:225 - rule Change GPIO_Pu Default Value for I2C is applicable
2023-02-02 10:11:37,091 [INFO] Rule:225 - rule Change GPIO_Pu Default Value for SMBus is applicable
2023-02-02 10:11:37,091 [INFO] Rule:225 - rule change FDCAN default value is applicable
2023-02-02 10:11:37,091 [INFO] Rule:225 - rule Change mode sai is applicable
2023-02-02 10:11:37,091 [INFO] Rule:225 - rule **Change sai mode is applicable
2023-02-02 10:11:37,110 [INFO] DbConfProperties:305 - Apply Compatibility (71/279 Rules)
2023-02-02 10:11:37,141 [INFO] ImportTextPane:193 - (OptionalMessage_ERROR) Unable to find key (Mcu.ThirdPartyNb) in loaded IOC file
2023-02-02 10:11:37,400 [INFO] RtosManager:489 - Registered RTOS mode: class=CMSIS, group=RTOS, mode=CMSIS_V1, owner=FREERTOS
2023-02-02 10:11:37,401 [INFO] RtosManager:489 - Registered RTOS mode: class=CMSIS, group=RTOS2, mode=CMSIS_V2, owner=FREERTOS
2023-02-02 10:11:37,401 [INFO] RtosManager:489 - Registered RTOS mode: class=RTOS, group=Core, mode=CMSIS_V1, owner=FREERTOS
2023-02-02 10:11:37,401 [INFO] RtosManager:489 - Registered RTOS mode: class=RTOS, group=Core, mode=CMSIS_V2, owner=FREERTOS
2023-02-02 10:11:37,401 [WARN] ModelIntegratedComponent:185 - Missing modes for component STMicroelectronics:FreeRTOS:0.0.1:STMicroelectronics:RTOS:FreeRTOS:Core:::10.2.0:
2023-02-02 10:11:37,421 [WARN] ModelIntegratedComponent:64 - No mode defined for component null
2023-02-02 10:11:37,424 [WARN] ModelIntegratedComponent:64 - No mode defined for component null
2023-02-02 10:11:37,424 [WARN] ModelIntegratedComponent:64 - No mode defined for component null
2023-02-02 10:11:37,424 [WARN] ModelIntegratedComponent:64 - No mode defined for component null
2023-02-02 10:11:37,424 [WARN] ModelIntegratedComponent:64 - No mode defined for component null
2023-02-02 10:11:37,424 [WARN] ModelIntegratedComponent:64 - No mode defined for component null
2023-02-02 10:11:37,424 [WARN] ModelIntegratedComponent:64 - No mode defined for component null
2023-02-02 10:11:37,424 [WARN] ModelIntegratedComponent:64 - No mode defined for component null
2023-02-02 10:11:37,424 [WARN] ModelIntegratedComponent:64 - No mode defined for component null
2023-02-02 10:11:37,424 [WARN] ModelIntegratedComponent:64 - No mode defined for component null
2023-02-02 10:11:37,424 [WARN] ModelIntegratedComponent:64 - No mode defined for component null
2023-02-02 10:11:37,424 [WARN] ModelIntegratedComponent:64 - No mode defined for component null
2023-02-02 10:11:37,424 [WARN] ModelIntegratedComponent:64 - No mode defined for component null
2023-02-02 10:11:37,424 [WARN] ModelIntegratedComponent:64 - No mode defined for component null
2023-02-02 10:11:37,424 [WARN] ModelIntegratedComponent:64 - No mode defined for component null
2023-02-02 10:11:37,424 [WARN] ModelIntegratedComponent:64 - No mode defined for component null
2023-02-02 10:11:37,424 [WARN] ModelIntegratedComponent:64 - No mode defined for component null
2023-02-02 10:11:37,428 [WARN] ModelIntegratedComponent:64 - No mode defined for component null
2023-02-02 10:11:37,428 [WARN] ModelIntegratedComponent:64 - No mode defined for component null
2023-02-02 10:11:37,428 [WARN] ModelIntegratedComponent:64 - No mode defined for component null
2023-02-02 10:11:37,428 [WARN] ModelIntegratedComponent:64 - No mode defined for component null
2023-02-02 10:11:37,428 [WARN] ModelIntegratedComponent:64 - No mode defined for component null
2023-02-02 10:11:37,428 [WARN] ModelIntegratedComponent:64 - No mode defined for component null
2023-02-02 10:11:37,428 [WARN] ModelIntegratedComponent:64 - No mode defined for component null
2023-02-02 10:11:37,428 [WARN] ModelIntegratedComponent:64 - No mode defined for component null
2023-02-02 10:11:37,428 [WARN] ModelIntegratedComponent:64 - No mode defined for component null
2023-02-02 10:11:37,428 [WARN] ModelIntegratedComponent:64 - No mode defined for component null
2023-02-02 10:11:37,430 [WARN] ModelIntegratedComponent:64 - No mode defined for component null
2023-02-02 10:11:37,430 [WARN] ModelIntegratedComponent:64 - No mode defined for component null
2023-02-02 10:11:37,430 [WARN] ModelIntegratedComponent:64 - No mode defined for component null
2023-02-02 10:11:37,430 [WARN] ModelIntegratedComponent:64 - No mode defined for component null
2023-02-02 10:11:37,430 [WARN] ModelIntegratedComponent:64 - No mode defined for component null
2023-02-02 10:11:37,430 [WARN] ModelIntegratedComponent:64 - No mode defined for component null
2023-02-02 10:11:37,544 [INFO] ThirdPartyModel:294 - Start build external matchings
2023-02-02 10:11:38,220 [INFO] ThirdPartyModel:310 - End build external matchings
2023-02-02 10:11:38,583 [INFO] UtilMem:74 - End LoadConfig() Used Memory: 424956568 Bytes (680525824)
2023-02-02 10:11:38,831 [WARN] ThirdParty:807 - waiting for thirdparty lock release [change project]
2023-02-02 10:11:38,831 [INFO] ThirdParty:809 - entering critical section [change project]
2023-02-02 10:11:38,831 [INFO] ThirdParty:999 - CMSIS Pack Vendor :STMicroelectronics X-CUBE-ISPU 1.1.0
2023-02-02 10:11:38,831 [INFO] ThirdParty:999 - CMSIS Pack Vendor :RoweBots I-CUBE-UNISONRTOS 5.5.0-4
2023-02-02 10:11:38,831 [INFO] ThirdParty:999 - CMSIS Pack Vendor :STMicroelectronics X-CUBE-GNSS1 6.0.0
2023-02-02 10:11:38,831 [INFO] ThirdParty:999 - CMSIS Pack Vendor :STMicroelectronics X-CUBE-AZRTOS-H7 2.1.0
2023-02-02 10:11:38,831 [INFO] ThirdParty:999 - CMSIS Pack Vendor :STMicroelectronics USB_HOST 2.0.0
2023-02-02 10:11:38,833 [INFO] ThirdParty:999 - CMSIS Pack Vendor :STMicroelectronics X-CUBE-AZRTOS-F4 1.1.0
2023-02-02 10:11:38,833 [INFO] ThirdParty:999 - CMSIS Pack Vendor :STMicroelectronics LIBJPEG 8.0.0
2023-02-02 10:11:38,833 [INFO] ThirdParty:999 - CMSIS Pack Vendor :STMicroelectronics USB_DEVICE 3.0.0
2023-02-02 10:11:38,833 [INFO] ThirdParty:999 - CMSIS Pack Vendor :STMicroelectronics X-CUBE-TOUCHGFX 4.21.1
2023-02-02 10:11:38,833 [INFO] ThirdParty:999 - CMSIS Pack Vendor :STMicroelectronics X-CUBE-TOUCHGFX 4.21.0
2023-02-02 10:11:38,833 [INFO] ThirdParty:999 - CMSIS Pack Vendor :STMicroelectronics X-CUBE-BLEMGR 1.0.0
2023-02-02 10:11:38,833 [INFO] ThirdParty:999 - CMSIS Pack Vendor :STMicroelectronics X-CUBE-BLEMGR 1.2.0
2023-02-02 10:11:38,833 [INFO] ThirdParty:999 - CMSIS Pack Vendor :STMicroelectronics X-CUBE-AZRTOS-F7 1.1.0
2023-02-02 10:11:38,833 [INFO] ThirdParty:999 - CMSIS Pack Vendor :STMicroelectronics X-CUBE-MEMS1 9.4.0
2023-02-02 10:11:38,833 [INFO] ThirdParty:999 - CMSIS Pack Vendor :STMicroelectronics USB_DEVICE 2.0.0
2023-02-02 10:11:38,833 [INFO] ThirdParty:999 - CMSIS Pack Vendor :STMicroelectronics X-CUBE-AI 7.3.0
2023-02-02 10:11:38,833 [INFO] ThirdParty:999 - CMSIS Pack Vendor :STMicroelectronics X-CUBE-BLE1 6.2.3
2023-02-02 10:11:38,833 [INFO] ThirdParty:999 - CMSIS Pack Vendor :STMicroelectronics X-CUBE-ALGOBUILD 1.3.0
2023-02-02 10:11:38,833 [INFO] ThirdParty:999 - CMSIS Pack Vendor :STMicroelectronics X-CUBE-BLE1 6.2.4
2023-02-02 10:11:38,833 [INFO] ThirdParty:999 - CMSIS Pack Vendor :STMicroelectronics X-CUBE-AZRTOS-L5 1.1.0
2023-02-02 10:11:38,833 [INFO] ThirdParty:999 - CMSIS Pack Vendor :STMicroelectronics FreeRTOS 0.0.1
2023-02-02 10:11:38,833 [INFO] ThirdParty:999 - CMSIS Pack Vendor :STMicroelectronics X-CUBE-AZRTOS-G0 1.1.0
2023-02-02 10:11:38,833 [INFO] ThirdParty:999 - CMSIS Pack Vendor :STMicroelectronics X-CUBE-SUBG2 5.0.0
2023-02-02 10:11:38,833 [INFO] ThirdParty:999 - CMSIS Pack Vendor :STMicroelectronics X-CUBE-NFC4 3.0.0
2023-02-02 10:11:38,833 [INFO] ThirdParty:999 - CMSIS Pack Vendor :SEGGER I-CUBE-embOS 1.2.0
2023-02-02 10:11:38,833 [INFO] ThirdParty:999 - CMSIS Pack Vendor :STMicroelectronics STM32_WPAN 1.0.0
2023-02-02 10:11:38,833 [INFO] ThirdParty:999 - CMSIS Pack Vendor :STMicroelectronics lwIP 2.0.3
2023-02-02 10:11:38,833 [INFO] ThirdParty:999 - CMSIS Pack Vendor :STMicroelectronics X-CUBE-NFC4 2.0.5
2023-02-02 10:11:38,833 [INFO] ThirdParty:999 - CMSIS Pack Vendor :STMicroelectronics X-CUBE-NFC4 2.0.4
2023-02-02 10:11:38,833 [INFO] ThirdParty:999 - CMSIS Pack Vendor :STMicroelectronics USB_HOST 1.0.0
2023-02-02 10:11:38,833 [INFO] ThirdParty:999 - CMSIS Pack Vendor :STMicroelectronics PDM2PCM 3.1.0
2023-02-02 10:11:38,833 [INFO] ThirdParty:999 - CMSIS Pack Vendor :STMicroelectronics FP-ATR-ASTRA1 1.1.1
2023-02-02 10:11:38,833 [INFO] ThirdParty:999 - CMSIS Pack Vendor :STMicroelectronics PDM2PCM 3.3.0
2023-02-02 10:11:38,833 [INFO] ThirdParty:999 - CMSIS Pack Vendor :STMicroelectronics X-CUBE-TOF1 3.1.0
2023-02-02 10:11:38,833 [INFO] ThirdParty:999 - CMSIS Pack Vendor :STMicroelectronics X-CUBE-DISPLAY 3.0.0
2023-02-02 10:11:38,833 [INFO] ThirdParty:999 - CMSIS Pack Vendor :STMicroelectronics X-CUBE-BLEMGR 1.3.0
2023-02-02 10:11:38,833 [INFO] ThirdParty:999 - CMSIS Pack Vendor :STMicroelectronics X-CUBE-AZRTOS-G4 1.0.0
2023-02-02 10:11:38,833 [INFO] ThirdParty:999 - CMSIS Pack Vendor :STMicroelectronics FP-ATR-SIGFOX1 3.2.0
2023-02-02 10:11:38,833 [INFO] ThirdParty:999 - CMSIS Pack Vendor :STMicroelectronics X-CUBE-AZRTOS-L4 1.0.0
2023-02-02 10:11:38,833 [INFO] ThirdParty:999 - CMSIS Pack Vendor :wolfSSL I-CUBE-wolfSSL 5.5.0
2023-02-02 10:11:38,833 [INFO] ThirdParty:999 - CMSIS Pack Vendor :STMicroelectronics HAL Drivers 0.0.0
2023-02-02 10:11:38,833 [INFO] ThirdParty:999 - CMSIS Pack Vendor :STMicroelectronics MBEDTLS 2.16.2
2023-02-02 10:11:38,833 [INFO] ThirdParty:999 - CMSIS Pack Vendor :emotas I-CUBE-CANOPEN 1.1.2
2023-02-02 10:11:38,833 [INFO] ThirdParty:999 - CMSIS Pack Vendor :STMicroelectronics X-CUBE-TOUCHGFX 4.20.0
2023-02-02 10:11:38,833 [INFO] ThirdParty:999 - CMSIS Pack Vendor :STMicroelectronics MBEDTLS 2.14.1
2023-02-02 10:11:38,833 [INFO] ThirdParty:999 - CMSIS Pack Vendor :STMicroelectronics X-CUBE-NFC7 1.0.0
2023-02-02 10:11:38,833 [INFO] ThirdParty:999 - CMSIS Pack Vendor :STMicroelectronics X-CUBE-AZRTOS-WL 1.0.0
2023-02-02 10:11:38,833 [INFO] ThirdParty:999 - CMSIS Pack Vendor :STMicroelectronics X-CUBE-MEMS1 9.3.0
2023-02-02 10:11:38,833 [INFO] ThirdParty:999 - CMSIS Pack Vendor :STMicroelectronics X-CUBE-EEPRMA1 4.1.0
2023-02-02 10:11:38,833 [INFO] ThirdParty:999 - CMSIS Pack Vendor :portGmbH I-Cube-SoM-uGOAL 1.1.0
2023-02-02 10:11:38,833 [INFO] ThirdParty:999 - CMSIS Pack Vendor :STMicroelectronics X-CUBE-ALS 1.0.1
2023-02-02 10:11:38,833 [INFO] ThirdParty:999 - CMSIS Pack Vendor :STMicroelectronics X-CUBE-AI 7.2.0
2023-02-02 10:11:38,833 [INFO] ThirdParty:999 - CMSIS Pack Vendor :STMicroelectronics ThreadX 1.0.0
2023-02-02 10:11:38,833 [INFO] ThirdParty:999 - CMSIS Pack Vendor :STMicroelectronics X-CUBE-AZRTOS-WB 1.1.0
2023-02-02 10:11:38,833 [INFO] ThirdParty:999 - CMSIS Pack Vendor :STMicroelectronics X-CUBE-AZRTOS-L5 1.0.0
2023-02-02 10:11:38,833 [INFO] ThirdParty:999 - CMSIS Pack Vendor :STMicroelectronics USB_DEVICE 1.0.0
2023-02-02 10:11:38,833 [INFO] ThirdParty:999 - CMSIS Pack Vendor :STMicroelectronics X-CUBE-EEPRMA1 3.1.1
2023-02-02 10:11:38,833 [INFO] ThirdParty:999 - CMSIS Pack Vendor :STMicroelectronics ThreadX 0.0.2
2023-02-02 10:11:38,833 [INFO] ThirdParty:999 - CMSIS Pack Vendor :STMicroelectronics lwIP 2.1.2
2023-02-02 10:11:38,833 [INFO] ThirdParty:999 - CMSIS Pack Vendor :STMicroelectronics X-CUBE-SFXS2LP1 4.0.0
2023-02-02 10:11:38,833 [INFO] ThirdParty:999 - CMSIS Pack Vendor :STMicroelectronics X-CUBE-BLE2 3.3.0
2023-02-02 10:11:38,837 [INFO] ThirdParty:999 - CMSIS Pack Vendor :STMicroelectronics X-CUBE-DISPLAY 2.2.0
2023-02-02 10:11:38,837 [INFO] ThirdParty:999 - CMSIS Pack Vendor :STMicroelectronics X-CUBE-TOF1 3.2.0
2023-02-02 10:11:38,837 [INFO] ThirdParty:999 - CMSIS Pack Vendor :STMicroelectronics PDM2PCM 3.2.0
2023-02-02 10:11:38,837 [INFO] ThirdParty:999 - CMSIS Pack Vendor :STMicroelectronics X-CUBE-AZRTOS-H7 3.0.0
2023-02-02 10:11:38,837 [INFO] ThirdParty:999 - CMSIS Pack Vendor :STMicroelectronics X-CUBE-ISPU 1.0.0
2023-02-02 10:11:38,837 [INFO] ThirdParty:815 - exiting critical section [change project]
2023-02-02 10:11:39,174 [INFO] PinOutPanel:1477 - setPackage(No Configuration,No Configuration)
2023-02-02 10:11:39,174 [INFO] PinOutPanel:1477 - setPackage(STM32L432KCUx,UFQFPN32)
2023-02-02 10:11:39,907 [INFO] UtilMem:74 - Before build in PCC Used Memory: 266699776 Bytes (680525824)
2023-02-02 10:11:40,896 [INFO] UtilMem:74 - After build in PCC Used Memory: 532418400 Bytes (680525824)
2023-02-02 10:11:40,924 [INFO] IPUIPlugin:79 - create IPUIPlugin
2023-02-02 10:11:40,924 [INFO] IPUIPlugin:79 - create IPUIPlugin
2023-02-02 10:11:40,924 [INFO] IPUIPlugin:79 - create IPUIPlugin
2023-02-02 10:11:40,924 [INFO] IPUIPlugin:79 - create IPUIPlugin
2023-02-02 10:11:40,924 [INFO] IPUIPlugin:79 - create IPUIPlugin
2023-02-02 10:11:40,924 [INFO] IPUIPlugin:79 - create IPUIPlugin
2023-02-02 10:11:40,924 [INFO] IPUIPlugin:79 - create IPUIPlugin
2023-02-02 10:11:40,924 [INFO] IPUIPlugin:79 - create IPUIPlugin
2023-02-02 10:11:40,924 [INFO] IPUIPlugin:79 - create IPUIPlugin
2023-02-02 10:11:40,924 [INFO] IPUIPlugin:79 - create IPUIPlugin
2023-02-02 10:11:40,928 [INFO] IPUIPlugin:79 - create IPUIPlugin
2023-02-02 10:11:40,928 [INFO] IPUIPlugin:79 - create IPUIPlugin
2023-02-02 10:11:40,928 [INFO] IPUIPlugin:79 - create IPUIPlugin
2023-02-02 10:11:40,928 [INFO] IPUIPlugin:79 - create IPUIPlugin
2023-02-02 10:11:40,928 [INFO] IPUIPlugin:79 - create IPUIPlugin
2023-02-02 10:11:40,928 [INFO] IPUIPlugin:79 - create IPUIPlugin
2023-02-02 10:11:40,928 [INFO] IPUIPlugin:79 - create IPUIPlugin
2023-02-02 10:11:40,930 [INFO] IPUIPlugin:79 - create IPUIPlugin
2023-02-02 10:11:40,930 [INFO] IPUIPlugin:79 - create IPUIPlugin
2023-02-02 10:11:40,930 [INFO] IPUIPlugin:79 - create IPUIPlugin
2023-02-02 10:11:40,930 [INFO] IPUIPlugin:79 - create IPUIPlugin
2023-02-02 10:11:40,931 [INFO] IPUIPlugin:79 - create IPUIPlugin
2023-02-02 10:11:40,932 [INFO] IPUIPlugin:79 - create IPUIPlugin
2023-02-02 10:11:40,933 [INFO] IPUIPlugin:79 - create IPUIPlugin
2023-02-02 10:11:40,933 [INFO] IPUIPlugin:79 - create IPUIPlugin
2023-02-02 10:11:40,933 [INFO] IPUIPlugin:79 - create IPUIPlugin
2023-02-02 10:11:40,933 [INFO] IPUIPlugin:79 - create IPUIPlugin
2023-02-02 10:11:40,933 [INFO] IPUIPlugin:79 - create IPUIPlugin
2023-02-02 10:11:40,933 [INFO] IPUIPlugin:79 - create IPUIPlugin
2023-02-02 10:11:40,933 [INFO] IPUIPlugin:79 - create IPUIPlugin
2023-02-02 10:11:40,936 [INFO] IPUIPlugin:79 - create IPUIPlugin
2023-02-02 10:11:40,936 [INFO] IPUIPlugin:79 - create IPUIPlugin
2023-02-02 10:11:40,936 [INFO] IPUIPlugin:79 - create IPUIPlugin
2023-02-02 10:11:40,936 [INFO] IPUIPlugin:79 - create IPUIPlugin
2023-02-02 10:11:40,936 [INFO] IPUIPlugin:79 - create IPUIPlugin
2023-02-02 10:11:40,936 [INFO] IPUIPlugin:79 - create IPUIPlugin
2023-02-02 10:11:40,936 [INFO] IPUIPlugin:79 - create IPUIPlugin
2023-02-02 10:11:40,936 [INFO] IPUIPlugin:79 - create IPUIPlugin
2023-02-02 10:11:40,936 [INFO] IPUIPlugin:79 - create IPUIPlugin
2023-02-02 10:11:40,936 [INFO] IPUIPlugin:79 - create IPUIPlugin
2023-02-02 10:11:40,936 [INFO] IPUIPlugin:79 - create IPUIPlugin
2023-02-02 10:11:41,224 [INFO] CADModel:164 - CPN selected for project levelSTM32L432KCU3
2023-02-02 10:11:41,224 [INFO] CADModel:113 - Register for checkConnection events
2023-02-02 10:11:41,291 [INFO] OpenFileManager:327 - Restore cursor
2023-02-02 10:11:42,397 [INFO] UtilMem:74 - End SaveConfig() Used Memory: 287469056 Bytes (680525824)
2023-02-02 10:11:42,551 [INFO] UtilMem:74 - End SaveConfig() Used Memory: 299003392 Bytes (680525824)
2023-02-02 10:11:43,208 [INFO] BlockDiagram:2759 - set Specific Code input for plugin: NVIC
2023-02-02 10:11:43,208 [INFO] BlockDiagram:2759 - set Specific Code input for plugin: SYS
2023-02-02 10:11:43,208 [INFO] BlockDiagram:2759 - set Specific Code input for plugin: GPIO
2023-02-02 10:11:43,208 [INFO] BlockDiagram:2759 - set Specific Code input for plugin: RCC
2023-02-02 10:11:43,213 [INFO] CodeGenerator:692 - code generatio: config db path: C:\ST\STM32CubeIDE_1.9.0\STM32CubeIDE\plugins\com.st.stm32cube.common.mx_6.7.0.202301130839\\db\
2023-02-02 10:11:43,730 [INFO] CodeEngine:247 - oldGeneratedFile, C:\Users\alves\Documents\Repositories\STM32_Course\M08A02_Blink\MXTmpFiles\license.tmp_save
2023-02-02 10:11:44,390 [INFO] CodeEngine:271 - Generated code: C:\Users\alves\Documents\Repositories\STM32_Course\M08A02_Blink\MXTmpFiles\license.tmp
2023-02-02 10:11:44,564 [INFO] CodeEngine:247 - oldGeneratedFile, C:\Users\alves\Documents\Repositories\STM32_Course\M08A02_Blink\MXTmpFiles\gpio.tmp_save
2023-02-02 10:11:44,768 [INFO] CodeEngine:271 - Generated code: C:\Users\alves\Documents\Repositories\STM32_Course\M08A02_Blink\MXTmpFiles\gpio.tmp
2023-02-02 10:11:44,876 [INFO] CodeEngine:247 - oldGeneratedFile, C:\Users\alves\Documents\Repositories\STM32_Course\M08A02_Blink\Core\Src\stm32l4xx_it.c_save
2023-02-02 10:11:45,049 [INFO] CodeEngine:271 - Generated code: C:\Users\alves\Documents\Repositories\STM32_Course\M08A02_Blink\Core\Src\stm32l4xx_it.c
2023-02-02 10:11:45,064 [INFO] CodeEngine:247 - oldGeneratedFile, C:\Users\alves\Documents\Repositories\STM32_Course\M08A02_Blink\Core\Inc\stm32l4xx_it.h_save
2023-02-02 10:11:45,172 [INFO] CodeEngine:271 - Generated code: C:\Users\alves\Documents\Repositories\STM32_Course\M08A02_Blink\Core\Inc\stm32l4xx_it.h
2023-02-02 10:11:45,236 [INFO] CodeEngine:247 - oldGeneratedFile, C:\Users\alves\Documents\Repositories\STM32_Course\M08A02_Blink\Core\Src\stm32l4xx_hal_msp.c_save
2023-02-02 10:11:45,396 [INFO] CodeEngine:271 - Generated code: C:\Users\alves\Documents\Repositories\STM32_Course\M08A02_Blink\Core\Src\stm32l4xx_hal_msp.c
2023-02-02 10:11:45,421 [INFO] CodeEngine:247 - oldGeneratedFile, C:\Users\alves\Documents\Repositories\STM32_Course\M08A02_Blink\MXTmpFiles\system.tmp_save
2023-02-02 10:11:45,511 [INFO] CodeEngine:271 - Generated code: C:\Users\alves\Documents\Repositories\STM32_Course\M08A02_Blink\MXTmpFiles\system.tmp
2023-02-02 10:11:45,551 [INFO] CodeEngine:303 - oldGeneratedFile, C:\Users\alves\Documents\Repositories\STM32_Course\M08A02_Blink\Core\Inc\stm32l4xx_hal_conf.h_save
2023-02-02 10:11:45,657 [INFO] CodeEngine:327 - Generated code: C:\Users\alves\Documents\Repositories\STM32_Course\M08A02_Blink\Core\Inc\stm32l4xx_hal_conf.h
2023-02-02 10:11:45,761 [INFO] CodeEngine:247 - oldGeneratedFile, C:\Users\alves\Documents\Repositories\STM32_Course\M08A02_Blink\Core\Inc\main.h_save
2023-02-02 10:11:45,876 [INFO] CodeEngine:271 - Generated code: C:\Users\alves\Documents\Repositories\STM32_Course\M08A02_Blink\Core\Inc\main.h
2023-02-02 10:11:45,892 [INFO] CodeEngine:247 - oldGeneratedFile, C:\Users\alves\Documents\Repositories\STM32_Course\M08A02_Blink\Core\Src\main.c_save
2023-02-02 10:11:46,056 [INFO] CodeEngine:271 - Generated code: C:\Users\alves\Documents\Repositories\STM32_Course\M08A02_Blink\Core\Src\main.c
2023-02-02 10:11:47,258 [INFO] ProjectBuilder:2919 - Time for Copy HAL[1] : 443mS.
2023-02-02 10:11:47,274 [INFO] ProjectBuilder:4183 - Project Generator version: 3.18.0-B7
2023-02-02 10:11:47,526 [INFO] ConfigFileManager:1396 - The Die is : DIE435
2023-02-02 10:11:47,538 [INFO] ApiDbMcu:505 - Load IP Config File for FATFS
2023-02-02 10:11:47,546 [INFO] ApiDbMcu:505 - Load IP Config File for FREERTOS
2023-02-02 10:11:47,566 [INFO] ApiDbMcu:505 - Load IP Config File for TOUCHSENSING
2023-02-02 10:11:47,574 [INFO] ApiDbMcu:505 - Load IP Config File for USB_DEVICE
2023-02-02 10:11:52,281 [INFO] ProjectBuilder:4351 - Time for Generating toolchain IDE Files: 5003mS.
2023-02-02 10:11:52,282 [INFO] ProjectBuilder:2790 - Time for Copy CMSIS : 1mS.
2023-02-02 10:11:52,285 [INFO] ProjectBuilder:2790 - Time for Copy CMSIS : 0mS.
2023-02-02 10:11:52,696 [ERROR] ConfigurationRetriever:140 - IOException on connection: citools.st.com
2023-02-02 10:11:52,698 [ERROR] ConfigurationRetriever:140 - IOException on connection: citools.st.com
2023-02-02 10:11:52,698 [ERROR] ConfigurationRetriever:140 - IOException on connection: citools.st.com
2023-02-02 10:11:53,260 [INFO] McuFinderGlobals:65 - Set McuFinderConnectedMode to true
2023-02-02 10:11:53,263 [INFO] ApiDb:447 - Save user favorites file C:\Users\alves/.stm32cubeide/favorites.mcus.txt: 0 item(s)
2023-02-02 10:11:53,264 [INFO] ApiDb:451 - User favorites MCUs=[]
2023-02-02 10:11:53,264 [INFO] ApiDb:447 - Save user favorites file C:\Users\alves/.stm32cubeide/favorites.boards.txt: 0 item(s)
2023-02-02 10:11:53,264 [INFO] ApiDb:451 - User favorites Boards=[]
2023-02-02 10:12:57,116 [INFO] Gpio:272 - dependency for GPIO []
2023-02-02 10:13:25,387 [INFO] UtilMem:74 - End SaveConfig() Used Memory: 311824472 Bytes (680525824)
2023-02-02 10:13:29,125 [INFO] UtilMem:74 - End SaveConfig() Used Memory: 421836032 Bytes (680525824)
2023-02-02 10:13:29,876 [INFO] BlockDiagram:2759 - set Specific Code input for plugin: NVIC
2023-02-02 10:13:29,876 [INFO] BlockDiagram:2759 - set Specific Code input for plugin: SYS
2023-02-02 10:13:29,880 [INFO] BlockDiagram:2759 - set Specific Code input for plugin: GPIO
2023-02-02 10:13:29,880 [INFO] BlockDiagram:2759 - set Specific Code input for plugin: RCC
2023-02-02 10:13:29,882 [INFO] CodeGenerator:692 - code generatio: config db path: C:\ST\STM32CubeIDE_1.9.0\STM32CubeIDE\plugins\com.st.stm32cube.common.mx_6.7.0.202301130839\\db\
2023-02-02 10:13:30,068 [INFO] CodeEngine:247 - oldGeneratedFile, C:\Users\alves\Documents\Repositories\STM32_Course\M08A02_Blink\MXTmpFiles\license.tmp_save
2023-02-02 10:13:30,164 [INFO] CodeEngine:271 - Generated code: C:\Users\alves\Documents\Repositories\STM32_Course\M08A02_Blink\MXTmpFiles\license.tmp
2023-02-02 10:13:30,212 [INFO] CodeEngine:247 - oldGeneratedFile, C:\Users\alves\Documents\Repositories\STM32_Course\M08A02_Blink\MXTmpFiles\gpio.tmp_save
2023-02-02 10:13:30,297 [INFO] CodeEngine:271 - Generated code: C:\Users\alves\Documents\Repositories\STM32_Course\M08A02_Blink\MXTmpFiles\gpio.tmp
2023-02-02 10:13:30,345 [INFO] CodeEngine:247 - oldGeneratedFile, C:\Users\alves\Documents\Repositories\STM32_Course\M08A02_Blink\Core\Src\stm32l4xx_it.c_save
2023-02-02 10:13:30,444 [INFO] CodeEngine:271 - Generated code: C:\Users\alves\Documents\Repositories\STM32_Course\M08A02_Blink\Core\Src\stm32l4xx_it.c
2023-02-02 10:13:30,461 [INFO] CodeEngine:247 - oldGeneratedFile, C:\Users\alves\Documents\Repositories\STM32_Course\M08A02_Blink\Core\Inc\stm32l4xx_it.h_save
2023-02-02 10:13:30,549 [INFO] CodeEngine:271 - Generated code: C:\Users\alves\Documents\Repositories\STM32_Course\M08A02_Blink\Core\Inc\stm32l4xx_it.h
2023-02-02 10:13:30,602 [INFO] CodeEngine:247 - oldGeneratedFile, C:\Users\alves\Documents\Repositories\STM32_Course\M08A02_Blink\Core\Src\stm32l4xx_hal_msp.c_save
2023-02-02 10:13:30,714 [INFO] CodeEngine:271 - Generated code: C:\Users\alves\Documents\Repositories\STM32_Course\M08A02_Blink\Core\Src\stm32l4xx_hal_msp.c
2023-02-02 10:13:30,731 [INFO] CodeEngine:247 - oldGeneratedFile, C:\Users\alves\Documents\Repositories\STM32_Course\M08A02_Blink\MXTmpFiles\system.tmp_save
2023-02-02 10:13:30,803 [INFO] CodeEngine:271 - Generated code: C:\Users\alves\Documents\Repositories\STM32_Course\M08A02_Blink\MXTmpFiles\system.tmp
2023-02-02 10:13:30,841 [INFO] CodeEngine:303 - oldGeneratedFile, C:\Users\alves\Documents\Repositories\STM32_Course\M08A02_Blink\Core\Inc\stm32l4xx_hal_conf.h_save
2023-02-02 10:13:31,016 [INFO] CodeEngine:327 - Generated code: C:\Users\alves\Documents\Repositories\STM32_Course\M08A02_Blink\Core\Inc\stm32l4xx_hal_conf.h
2023-02-02 10:13:31,112 [INFO] CodeEngine:247 - oldGeneratedFile, C:\Users\alves\Documents\Repositories\STM32_Course\M08A02_Blink\Core\Inc\main.h_save
2023-02-02 10:13:31,194 [INFO] CodeEngine:271 - Generated code: C:\Users\alves\Documents\Repositories\STM32_Course\M08A02_Blink\Core\Inc\main.h
2023-02-02 10:13:31,210 [INFO] CodeEngine:247 - oldGeneratedFile, C:\Users\alves\Documents\Repositories\STM32_Course\M08A02_Blink\Core\Src\main.c_save
2023-02-02 10:13:31,334 [INFO] CodeEngine:271 - Generated code: C:\Users\alves\Documents\Repositories\STM32_Course\M08A02_Blink\Core\Src\main.c
2023-02-02 10:13:32,165 [INFO] ProjectBuilder:2919 - Time for Copy HAL[1] : 284mS.
2023-02-02 10:13:32,173 [INFO] ProjectBuilder:4183 - Project Generator version: 3.18.0-B7
2023-02-02 10:13:32,581 [INFO] ConfigFileManager:1396 - The Die is : DIE435
2023-02-02 10:13:34,525 [INFO] ProjectBuilder:4351 - Time for Generating toolchain IDE Files: 2352mS.
2023-02-02 10:13:34,527 [INFO] ProjectBuilder:2790 - Time for Copy CMSIS : 1mS.
2023-02-02 10:13:34,534 [INFO] ProjectBuilder:2790 - Time for Copy CMSIS : 0mS.
2023-02-02 10:13:34,859 [ERROR] ConfigurationRetriever:140 - IOException on connection: citools.st.com
2023-02-02 10:13:34,861 [ERROR] ConfigurationRetriever:140 - IOException on connection: citools.st.com
2023-02-02 10:13:34,863 [ERROR] ConfigurationRetriever:140 - IOException on connection: citools.st.com
2023-02-02 10:14:42,116 [INFO] UtilMem:74 - End SaveConfig() Used Memory: 536588248 Bytes (1070596096)
2023-02-02 10:14:43,560 [INFO] UtilMem:74 - End SaveConfig() Used Memory: 729706496 Bytes (1070596096)
2023-02-02 10:14:43,877 [INFO] BlockDiagram:2759 - set Specific Code input for plugin: NVIC
2023-02-02 10:14:43,877 [INFO] BlockDiagram:2759 - set Specific Code input for plugin: SYS
2023-02-02 10:14:43,880 [INFO] BlockDiagram:2759 - set Specific Code input for plugin: GPIO
2023-02-02 10:14:43,881 [INFO] BlockDiagram:2759 - set Specific Code input for plugin: RCC
2023-02-02 10:14:43,882 [INFO] CodeGenerator:692 - code generatio: config db path: C:\ST\STM32CubeIDE_1.9.0\STM32CubeIDE\plugins\com.st.stm32cube.common.mx_6.7.0.202301130839\\db\
2023-02-02 10:14:44,091 [INFO] CodeEngine:247 - oldGeneratedFile, C:\Users\alves\Documents\Repositories\STM32_Course\M08A02_Blink\MXTmpFiles\license.tmp_save
2023-02-02 10:14:44,166 [INFO] CodeEngine:271 - Generated code: C:\Users\alves\Documents\Repositories\STM32_Course\M08A02_Blink\MXTmpFiles\license.tmp
2023-02-02 10:14:44,214 [INFO] CodeEngine:247 - oldGeneratedFile, C:\Users\alves\Documents\Repositories\STM32_Course\M08A02_Blink\Core\Src\gpio.c_save
2023-02-02 10:14:44,302 [INFO] CodeEngine:271 - Generated code: C:\Users\alves\Documents\Repositories\STM32_Course\M08A02_Blink\Core\Src\gpio.c
2023-02-02 10:14:44,314 [INFO] CodeEngine:247 - oldGeneratedFile, C:\Users\alves\Documents\Repositories\STM32_Course\M08A02_Blink\Core\Inc\gpio.h_save
2023-02-02 10:14:44,399 [INFO] CodeEngine:271 - Generated code: C:\Users\alves\Documents\Repositories\STM32_Course\M08A02_Blink\Core\Inc\gpio.h
2023-02-02 10:14:44,454 [INFO] CodeEngine:247 - oldGeneratedFile, C:\Users\alves\Documents\Repositories\STM32_Course\M08A02_Blink\Core\Src\stm32l4xx_it.c_save
2023-02-02 10:14:44,540 [INFO] CodeEngine:271 - Generated code: C:\Users\alves\Documents\Repositories\STM32_Course\M08A02_Blink\Core\Src\stm32l4xx_it.c
2023-02-02 10:14:44,554 [INFO] CodeEngine:247 - oldGeneratedFile, C:\Users\alves\Documents\Repositories\STM32_Course\M08A02_Blink\Core\Inc\stm32l4xx_it.h_save
2023-02-02 10:14:44,641 [INFO] CodeEngine:271 - Generated code: C:\Users\alves\Documents\Repositories\STM32_Course\M08A02_Blink\Core\Inc\stm32l4xx_it.h
2023-02-02 10:14:44,684 [INFO] CodeEngine:247 - oldGeneratedFile, C:\Users\alves\Documents\Repositories\STM32_Course\M08A02_Blink\Core\Src\stm32l4xx_hal_msp.c_save
2023-02-02 10:14:44,791 [INFO] CodeEngine:271 - Generated code: C:\Users\alves\Documents\Repositories\STM32_Course\M08A02_Blink\Core\Src\stm32l4xx_hal_msp.c
2023-02-02 10:14:44,802 [INFO] CodeEngine:247 - oldGeneratedFile, C:\Users\alves\Documents\Repositories\STM32_Course\M08A02_Blink\MXTmpFiles\system.tmp_save
2023-02-02 10:14:44,863 [INFO] CodeEngine:271 - Generated code: C:\Users\alves\Documents\Repositories\STM32_Course\M08A02_Blink\MXTmpFiles\system.tmp
2023-02-02 10:14:44,895 [INFO] CodeEngine:303 - oldGeneratedFile, C:\Users\alves\Documents\Repositories\STM32_Course\M08A02_Blink\Core\Inc\stm32l4xx_hal_conf.h_save
2023-02-02 10:14:44,972 [INFO] CodeEngine:327 - Generated code: C:\Users\alves\Documents\Repositories\STM32_Course\M08A02_Blink\Core\Inc\stm32l4xx_hal_conf.h
2023-02-02 10:14:45,024 [INFO] CodeEngine:247 - oldGeneratedFile, C:\Users\alves\Documents\Repositories\STM32_Course\M08A02_Blink\Core\Inc\main.h_save
2023-02-02 10:14:45,102 [INFO] CodeEngine:271 - Generated code: C:\Users\alves\Documents\Repositories\STM32_Course\M08A02_Blink\Core\Inc\main.h
2023-02-02 10:14:45,120 [INFO] CodeEngine:247 - oldGeneratedFile, C:\Users\alves\Documents\Repositories\STM32_Course\M08A02_Blink\Core\Src\main.c_save
2023-02-02 10:14:45,238 [INFO] CodeEngine:271 - Generated code: C:\Users\alves\Documents\Repositories\STM32_Course\M08A02_Blink\Core\Src\main.c
2023-02-02 10:14:46,292 [INFO] ProjectBuilder:2919 - Time for Copy HAL[1] : 389mS.
2023-02-02 10:14:46,300 [INFO] ProjectBuilder:4183 - Project Generator version: 3.18.0-B7
2023-02-02 10:14:46,521 [INFO] ConfigFileManager:1396 - The Die is : DIE435
2023-02-02 10:14:48,082 [INFO] ProjectBuilder:4351 - Time for Generating toolchain IDE Files: 1782mS.
2023-02-02 10:14:48,086 [INFO] ProjectBuilder:2790 - Time for Copy CMSIS : 0mS.
2023-02-02 10:14:48,094 [INFO] ProjectBuilder:2790 - Time for Copy CMSIS : 0mS.
2023-02-02 10:14:48,162 [ERROR] ConfigurationRetriever:140 - IOException on connection: citools.st.com
2023-02-02 10:14:48,166 [ERROR] ConfigurationRetriever:140 - IOException on connection: citools.st.com
2023-02-02 10:14:48,166 [ERROR] ConfigurationRetriever:140 - IOException on connection: citools.st.com
2023-02-02 11:17:33,792 [ERROR] ConfigurationRetriever:140 - IOException on connection: citools.st.com
2023-02-02 11:17:33,802 [ERROR] ConfigurationRetriever:140 - IOException on connection: citools.st.com
2023-02-02 11:17:33,802 [ERROR] ConfigurationRetriever:140 - IOException on connection: citools.st.com
2023-02-02 11:17:56,039 [ERROR] ConfigurationRetriever:140 - IOException on connection: citools.st.com
2023-02-02 11:17:56,042 [ERROR] ConfigurationRetriever:140 - IOException on connection: citools.st.com
2023-02-02 11:17:56,042 [ERROR] ConfigurationRetriever:140 - IOException on connection: citools.st.com
